warning: unused import: `std::fs`
 --> build.rs:4:5
  |
4 | use std::fs;
  |     ^^^^^^^
  |
  = note: `#[warn(unused_imports)]` on by default

warning: unused variable: `idf_path`
  --> build.rs:30:9
   |
30 |     let idf_path = match env::var("IDF_PATH") {
   |         ^^^^^^^^ help: if this is intentional, prefix it with an underscore: `_idf_path`
   |
   = note: `#[warn(unused_variables)]` on by default

warning: `esp32-blink-idf` (build script) generated 2 warnings
   Compiling esp32-blink-idf v0.1.0 (/home/mcaro/workbench/esp32-blink-idf)
warning: esp32-blink-idf@0.1.0: Using ESP-IDF from: /home/mcaro/workbench/esp32-blink-idf/.embuild/espressif/esp-idf/v5.4.1
warning: esp32-blink-idf@0.1.0: Setting up linking for ESP32 project
warning: esp32-blink-idf@0.1.0: Using ESP-IDF from: /home/mcaro/workbench/esp32-blink-idf/.embuild/espressif/esp-idf/v5.4.1
warning: esp32-blink-idf@0.1.0: Setting up linking for ESP32 project
warning: esp32-blink-idf@0.1.0: Checking for ldgen_libraries file: /home/mcaro/workbench/esp32-blink-idf/build/ldgen_libraries
warning: esp32-blink-idf@0.1.0: Found ldgen_libraries file
warning: esp32-blink-idf@0.1.0: Processing ldgen_libraries for ESP-IDF libraries
warning: esp32-blink-idf@0.1.0: Adding ESP-IDF library search path: /home/mcaro/workbench/esp32-blink-idf/build/esp-idf/xtensa
warning: esp32-blink-idf@0.1.0: Adding ESP-IDF library search path: /home/mcaro/workbench/esp32-blink-idf/build/esp-idf/esp_timer
warning: esp32-blink-idf@0.1.0: Adding ESP-IDF library search path: /home/mcaro/workbench/esp32-blink-idf/build/esp-idf/esp_mm
warning: esp32-blink-idf@0.1.0: Adding ESP-IDF library search path: /home/mcaro/workbench/esp32-blink-idf/build/esp-idf/esp_driver_gpio
warning: esp32-blink-idf@0.1.0: Adding ESP-IDF library search path: /home/mcaro/workbench/esp32-blink-idf/build/esp-idf/esp_pm
warning: esp32-blink-idf@0.1.0: Adding ESP-IDF library search path: /home/mcaro/workbench/esp32-blink-idf/build/esp-idf/mbedtls
warning: esp32-blink-idf@0.1.0: Adding ESP-IDF library search path: /home/mcaro/workbench/esp32-blink-idf/build/esp-idf/esp_app_format
warning: esp32-blink-idf@0.1.0: Adding ESP-IDF library search path: /home/mcaro/workbench/esp32-blink-idf/build/esp-idf/esp_bootloader_format
warning: esp32-blink-idf@0.1.0: Adding ESP-IDF library search path: /home/mcaro/workbench/esp32-blink-idf/build/esp-idf/app_update
warning: esp32-blink-idf@0.1.0: Adding ESP-IDF library search path: /home/mcaro/workbench/esp32-blink-idf/build/esp-idf/esp_partition
warning: esp32-blink-idf@0.1.0: Adding ESP-IDF library search path: /home/mcaro/workbench/esp32-blink-idf/build/esp-idf/efuse
warning: esp32-blink-idf@0.1.0: Adding ESP-IDF library search path: /home/mcaro/workbench/esp32-blink-idf/build/esp-idf/bootloader_support
warning: esp32-blink-idf@0.1.0: Adding ESP-IDF library search path: /home/mcaro/workbench/esp32-blink-idf/build/esp-idf/esp_system
warning: esp32-blink-idf@0.1.0: Adding ESP-IDF library search path: /home/mcaro/workbench/esp32-blink-idf/build/esp-idf/esp_common
warning: esp32-blink-idf@0.1.0: Adding ESP-IDF library search path: /home/mcaro/workbench/esp32-blink-idf/build/esp-idf/esp_rom
warning: esp32-blink-idf@0.1.0: Adding ESP-IDF library search path: /home/mcaro/workbench/esp32-blink-idf/build/esp-idf/log
warning: esp32-blink-idf@0.1.0: Adding ESP-IDF library search path: /home/mcaro/workbench/esp32-blink-idf/build/esp-idf/heap
warning: esp32-blink-idf@0.1.0: Adding ESP-IDF library search path: /home/mcaro/workbench/esp32-blink-idf/build/esp-idf/esp_security
warning: esp32-blink-idf@0.1.0: Adding ESP-IDF library search path: /home/mcaro/workbench/esp32-blink-idf/build/esp-idf/esp_hw_support
warning: esp32-blink-idf@0.1.0: Adding ESP-IDF library search path: /home/mcaro/workbench/esp32-blink-idf/build/esp-idf/freertos
warning: esp32-blink-idf@0.1.0: Adding ESP-IDF library search path: /home/mcaro/workbench/esp32-blink-idf/build/esp-idf/newlib
warning: esp32-blink-idf@0.1.0: Adding ESP-IDF library search path: /home/mcaro/workbench/esp32-blink-idf/build/esp-idf/pthread
warning: esp32-blink-idf@0.1.0: Adding ESP-IDF library search path: /home/mcaro/workbench/esp32-blink-idf/build/esp-idf/cxx
warning: esp32-blink-idf@0.1.0: Adding ESP-IDF library search path: /home/mcaro/workbench/esp32-blink-idf/build/esp-idf/soc
warning: esp32-blink-idf@0.1.0: Adding ESP-IDF library search path: /home/mcaro/workbench/esp32-blink-idf/build/esp-idf/hal
warning: esp32-blink-idf@0.1.0: Adding ESP-IDF library search path: /home/mcaro/workbench/esp32-blink-idf/build/esp-idf/spi_flash
warning: esp32-blink-idf@0.1.0: Adding ESP-IDF library search path: /home/mcaro/workbench/esp32-blink-idf/build/esp-idf/esp_event
warning: esp32-blink-idf@0.1.0: Adding ESP-IDF library search path: /home/mcaro/workbench/esp32-blink-idf/build/esp-idf/nvs_flash
warning: esp32-blink-idf@0.1.0: Adding ESP-IDF library search path: /home/mcaro/workbench/esp32-blink-idf/build/esp-idf/esp_ringbuf
warning: esp32-blink-idf@0.1.0: Adding ESP-IDF library search path: /home/mcaro/workbench/esp32-blink-idf/build/esp-idf/esp_driver_pcnt
warning: esp32-blink-idf@0.1.0: Adding ESP-IDF library search path: /home/mcaro/workbench/esp32-blink-idf/build/esp-idf/esp_driver_gptimer
warning: esp32-blink-idf@0.1.0: Adding ESP-IDF library search path: /home/mcaro/workbench/esp32-blink-idf/build/esp-idf/esp_driver_spi
warning: esp32-blink-idf@0.1.0: Adding ESP-IDF library search path: /home/mcaro/workbench/esp32-blink-idf/build/esp-idf/esp_driver_mcpwm
warning: esp32-blink-idf@0.1.0: Adding ESP-IDF library search path: /home/mcaro/workbench/esp32-blink-idf/build/esp-idf/esp_driver_i2s
warning: esp32-blink-idf@0.1.0: Adding ESP-IDF library search path: /home/mcaro/workbench/esp32-blink-idf/build/esp-idf/sdmmc
warning: esp32-blink-idf@0.1.0: Adding ESP-IDF library search path: /home/mcaro/workbench/esp32-blink-idf/build/esp-idf/esp_driver_sdmmc
warning: esp32-blink-idf@0.1.0: Adding ESP-IDF library search path: /home/mcaro/workbench/esp32-blink-idf/build/esp-idf/esp_driver_sdspi
warning: esp32-blink-idf@0.1.0: Adding ESP-IDF library search path: /home/mcaro/workbench/esp32-blink-idf/build/esp-idf/esp_driver_sdio
warning: esp32-blink-idf@0.1.0: Adding ESP-IDF library search path: /home/mcaro/workbench/esp32-blink-idf/build/esp-idf/esp_driver_dac
warning: esp32-blink-idf@0.1.0: Adding ESP-IDF library search path: /home/mcaro/workbench/esp32-blink-idf/build/esp-idf/esp_driver_rmt
warning: esp32-blink-idf@0.1.0: Adding ESP-IDF library search path: /home/mcaro/workbench/esp32-blink-idf/build/esp-idf/esp_driver_sdm
warning: esp32-blink-idf@0.1.0: Adding ESP-IDF library search path: /home/mcaro/workbench/esp32-blink-idf/build/esp-idf/esp_driver_i2c
warning: esp32-blink-idf@0.1.0: Adding ESP-IDF library search path: /home/mcaro/workbench/esp32-blink-idf/build/esp-idf/esp_driver_uart
warning: esp32-blink-idf@0.1.0: Adding ESP-IDF library search path: /home/mcaro/workbench/esp32-blink-idf/build/esp-idf/esp_driver_ledc
warning: esp32-blink-idf@0.1.0: Adding ESP-IDF library search path: /home/mcaro/workbench/esp32-blink-idf/build/esp-idf/driver
warning: esp32-blink-idf@0.1.0: Adding ESP-IDF library search path: /home/mcaro/workbench/esp32-blink-idf/build/esp-idf/esp_phy
warning: esp32-blink-idf@0.1.0: Adding ESP-IDF library search path: /home/mcaro/workbench/esp32-blink-idf/build/esp-idf/esp_vfs_console
warning: esp32-blink-idf@0.1.0: Adding ESP-IDF library search path: /home/mcaro/workbench/esp32-blink-idf/build/esp-idf/vfs
warning: esp32-blink-idf@0.1.0: Adding ESP-IDF library search path: /home/mcaro/workbench/esp32-blink-idf/build/esp-idf/lwip
warning: esp32-blink-idf@0.1.0: Adding ESP-IDF library search path: /home/mcaro/workbench/esp32-blink-idf/build/esp-idf/esp_netif
warning: esp32-blink-idf@0.1.0: Adding ESP-IDF library search path: /home/mcaro/workbench/esp32-blink-idf/build/esp-idf/esp_coex
warning: esp32-blink-idf@0.1.0: Adding ESP-IDF library search path: /home/mcaro/workbench/esp32-blink-idf/build/esp-idf/esp_wifi
warning: esp32-blink-idf@0.1.0: Adding ESP-IDF library search path: /home/mcaro/workbench/esp32-blink-idf/build/esp-idf/wpa_supplicant
warning: esp32-blink-idf@0.1.0: Adding ESP-IDF library search path: /home/mcaro/workbench/esp32-blink-idf/build/esp-idf/esp_adc
warning: esp32-blink-idf@0.1.0: Adding ESP-IDF library search path: /home/mcaro/workbench/esp32-blink-idf/build/esp-idf/esp_eth
warning: esp32-blink-idf@0.1.0: Adding ESP-IDF library search path: /home/mcaro/workbench/esp32-blink-idf/build/esp-idf/http_parser
warning: esp32-blink-idf@0.1.0: Adding ESP-IDF library search path: /home/mcaro/workbench/esp32-blink-idf/build/esp-idf/chmorgan__esp-libhelix-mp3
warning: esp32-blink-idf@0.1.0: Adding ESP-IDF library search path: /home/mcaro/workbench/esp32-blink-idf/build/esp-idf/espressif__esp-modbus
warning: esp32-blink-idf@0.1.0: Adding ESP-IDF library search path: /home/mcaro/workbench/esp32-blink-idf/build/esp-idf/console
warning: esp32-blink-idf@0.1.0: Adding ESP-IDF library search path: /home/mcaro/workbench/esp32-blink-idf/build/esp-idf/espressif__libsodium
warning: esp32-blink-idf@0.1.0: Adding ESP-IDF library search path: /home/mcaro/workbench/esp32-blink-idf/build/esp-idf/espressif__mdns
warning: esp32-blink-idf@0.1.0: Adding ESP-IDF library search path: /home/mcaro/workbench/esp32-blink-idf/build/esp-idf/wear_levelling
warning: esp32-blink-idf@0.1.0: Adding ESP-IDF library search path: /home/mcaro/workbench/esp32-blink-idf/build/esp-idf/fatfs
warning: esp32-blink-idf@0.1.0: Adding ESP-IDF library search path: /home/mcaro/workbench/esp32-blink-idf/build/esp-idf/spiffs
warning: esp32-blink-idf@0.1.0: Adding ESP-IDF library search path: /home/mcaro/workbench/esp32-blink-idf/build/esp-idf/esp_hid
warning: esp32-blink-idf@0.1.0: Adding ESP-IDF library search path: /home/mcaro/workbench/esp32-blink-idf/build/esp-idf/espressif__cbor
warning: esp32-blink-idf@0.1.0: Adding ESP-IDF library search path: /home/mcaro/workbench/esp32-blink-idf/build/esp-idf/espressif__esp-dsp
warning: esp32-blink-idf@0.1.0: Adding ESP-IDF library search path: /home/mcaro/workbench/esp32-blink-idf/build/esp-idf/espressif__esp_diag_data_store
warning: esp32-blink-idf@0.1.0: Adding ESP-IDF library search path: /home/mcaro/workbench/esp32-blink-idf/build/esp-idf/esp-tls
warning: esp32-blink-idf@0.1.0: Adding ESP-IDF library search path: /home/mcaro/workbench/esp32-blink-idf/build/esp-idf/tcp_transport
warning: esp32-blink-idf@0.1.0: Adding ESP-IDF library search path: /home/mcaro/workbench/esp32-blink-idf/build/esp-idf/mqtt
warning: esp32-blink-idf@0.1.0: Adding ESP-IDF library search path: /home/mcaro/workbench/esp32-blink-idf/build/esp-idf/espressif__rmaker_common
warning: esp32-blink-idf@0.1.0: Adding ESP-IDF library search path: /home/mcaro/workbench/esp32-blink-idf/build/esp-idf/espressif__esp_diagnostics
warning: esp32-blink-idf@0.1.0: Adding ESP-IDF library search path: /home/mcaro/workbench/esp32-blink-idf/build/esp-idf/espcoredump
warning: esp32-blink-idf@0.1.0: Adding ESP-IDF library search path: /home/mcaro/workbench/esp32-blink-idf/build/esp-idf/espressif__esp_insights
warning: esp32-blink-idf@0.1.0: Adding ESP-IDF library search path: /home/mcaro/workbench/esp32-blink-idf/build/esp-idf/espressif__esp_modem
warning: esp32-blink-idf@0.1.0: Adding ESP-IDF library search path: /home/mcaro/workbench/esp32-blink-idf/build/esp-idf/protobuf-c
warning: esp32-blink-idf@0.1.0: Adding ESP-IDF library search path: /home/mcaro/workbench/esp32-blink-idf/build/esp-idf/espressif__json_parser
warning: esp32-blink-idf@0.1.0: Adding ESP-IDF library search path: /home/mcaro/workbench/esp32-blink-idf/build/esp-idf/espressif__json_generator
warning: esp32-blink-idf@0.1.0: Adding ESP-IDF library search path: /home/mcaro/workbench/esp32-blink-idf/build/esp-idf/esp_http_client
warning: esp32-blink-idf@0.1.0: Adding ESP-IDF library search path: /home/mcaro/workbench/esp32-blink-idf/build/esp-idf/esp_https_ota
warning: esp32-blink-idf@0.1.0: Adding ESP-IDF library search path: /home/mcaro/workbench/esp32-blink-idf/build/esp-idf/esp_http_server
warning: esp32-blink-idf@0.1.0: Adding ESP-IDF library search path: /home/mcaro/workbench/esp32-blink-idf/build/esp-idf/protocomm
warning: esp32-blink-idf@0.1.0: Adding ESP-IDF library search path: /home/mcaro/workbench/esp32-blink-idf/build/esp-idf/esp_https_server
warning: esp32-blink-idf@0.1.0: Adding ESP-IDF library search path: /home/mcaro/workbench/esp32-blink-idf/build/esp-idf/esp_local_ctrl
warning: esp32-blink-idf@0.1.0: Adding ESP-IDF library search path: /home/mcaro/workbench/esp32-blink-idf/build/esp-idf/espressif__esp_schedule
warning: esp32-blink-idf@0.1.0: Adding ESP-IDF library search path: /home/mcaro/workbench/esp32-blink-idf/build/esp-idf/json
warning: esp32-blink-idf@0.1.0: Adding ESP-IDF library search path: /home/mcaro/workbench/esp32-blink-idf/build/esp-idf/wifi_provisioning
warning: esp32-blink-idf@0.1.0: Adding ESP-IDF library search path: /home/mcaro/workbench/esp32-blink-idf/build/esp-idf/espressif__network_provisioning
warning: esp32-blink-idf@0.1.0: Adding ESP-IDF library search path: /home/mcaro/workbench/esp32-blink-idf/build/esp-idf/espressif__esp-serial-flasher
warning: esp32-blink-idf@0.1.0: Adding ESP-IDF library search path: /home/mcaro/workbench/esp32-blink-idf/build/esp-idf/espressif__esp_rcp_update
warning: esp32-blink-idf@0.1.0: Adding ESP-IDF library search path: /home/mcaro/workbench/esp32-blink-idf/build/esp-idf/espressif__esp_secure_cert_mgr
warning: esp32-blink-idf@0.1.0: Adding ESP-IDF library search path: /home/mcaro/workbench/esp32-blink-idf/build/esp-idf/espressif__esp_rainmaker
warning: esp32-blink-idf@0.1.0: Adding ESP-IDF library search path: /home/mcaro/workbench/esp32-blink-idf/build/esp-idf/espressif__qrcode
warning: esp32-blink-idf@0.1.0: Adding ESP-IDF library search path: /home/mcaro/workbench/esp32-blink-idf/build/esp-idf/joltwallet__littlefs
warning: esp32-blink-idf@0.1.0: Adding ESP-IDF library search path: /home/mcaro/workbench/esp32-blink-idf/build/esp-idf/espressif__arduino-esp32
warning: esp32-blink-idf@0.1.0: Adding ESP-IDF library search path: /home/mcaro/workbench/esp32-blink-idf/build/esp-idf/esp32servoserver
warning: esp32-blink-idf@0.1.0: Adding ESP-IDF library search path: /home/mcaro/workbench/esp32-blink-idf/build/esp-idf/lx16a-servo
warning: esp32-blink-idf@0.1.0: Adding ESP-IDF library search path: /home/mcaro/workbench/esp32-blink-idf/build/esp-idf/main
warning: esp32-blink-idf@0.1.0: Adding ESP-IDF library search path: /home/mcaro/workbench/esp32-blink-idf/build/esp-idf/app_trace
warning: esp32-blink-idf@0.1.0: Adding ESP-IDF library search path: /home/mcaro/workbench/esp32-blink-idf/build/esp-idf/unity
warning: esp32-blink-idf@0.1.0: Adding ESP-IDF library search path: /home/mcaro/workbench/esp32-blink-idf/build/esp-idf/cmock
warning: esp32-blink-idf@0.1.0: Adding ESP-IDF library search path: /home/mcaro/workbench/esp32-blink-idf/build/esp-idf/esp_driver_cam
warning: esp32-blink-idf@0.1.0: Adding ESP-IDF library search path: /home/mcaro/workbench/esp32-blink-idf/build/esp-idf/esp_gdbstub
warning: esp32-blink-idf@0.1.0: Adding ESP-IDF library search path: /home/mcaro/workbench/esp32-blink-idf/build/esp-idf/esp_lcd
warning: esp32-blink-idf@0.1.0: Adding ESP-IDF library search path: /home/mcaro/workbench/esp32-blink-idf/build/esp-idf/nvs_sec_provider
warning: esp32-blink-idf@0.1.0: Adding ESP-IDF library search path: /home/mcaro/workbench/esp32-blink-idf/build/esp-idf/perfmon
warning: esp32-blink-idf@0.1.0: Adding ESP-IDF library search path: /home/mcaro/workbench/esp32-blink-idf/build/esp-idf/rt
warning: esp32-blink-idf@0.1.0: Adding custom components
warning: esp32-blink-idf@0.1.0: Found main component: /home/mcaro/workbench/esp32-blink-idf/build/esp-idf/main
warning: esp32-blink-idf@0.1.0: Found lx16a-servo component: /home/mcaro/workbench/esp32-blink-idf/build/esp-idf/lx16a-servo
warning: esp32-blink-idf@0.1.0: Found esp32servoserver component: /home/mcaro/workbench/esp32-blink-idf/build/esp-idf/esp32servoserver
warning: esp32-blink-idf@0.1.0: Found Arduino ESP32 component: /home/mcaro/workbench/esp32-blink-idf/build/esp-idf/espressif__arduino-esp32
warning: esp32-blink-idf@0.1.0: Adding ESP-IDF specific linker flags
warning: esp32-blink-idf@0.1.0: Handling circular dependencies with whole-archive approach
warning: esp32-blink-idf@0.1.0: Adding standard C/C++ libraries
warning: esp32-blink-idf@0.1.0: Adding ALL ESP-IDF core libraries with whole-archive
warning: esp32-blink-idf@0.1.0: Adding other ESP-IDF dependencies
warning: esp32-blink-idf@0.1.0: Adding memory and system operation libraries
warning: esp32-blink-idf@0.1.0: Adding ESP32 drivers
warning: esp32-blink-idf@0.1.0: Adding our custom components
warning: module `LX16AServo` should have a snake case name
 --> src/lib.rs:2:9
  |
2 | pub mod LX16AServo;
  |         ^^^^^^^^^^ help: convert the identifier to snake case: `lx16_aservo`
  |
  = note: `#[warn(non_snake_case)]` on by default

warning: `esp32-blink-idf` (lib) generated 1 warning
warning: unused imports: `LX16ABus` and `LX16AServo`
 --> src/main.rs:5:40
  |
5 | use esp32_blink_idf::LX16AServo::ffi::{LX16AServo, LX16ABus};
  |                                        ^^^^^^^^^^  ^^^^^^^^
  |
  = note: `#[warn(unused_imports)]` on by default

error: linking with `xtensa-esp32-elf-gcc` failed: exit status: 1
  |
  = note: LC_ALL="C" PATH="/home/mcaro/.rustup/toolchains/esp/lib/rustlib/x86_64-unknown-linux-gnu/bin:/home/mcaro/workbench/esp32-blink-idf/.embuild/espressif/esp-idf/v5.4.1/components/espcoredump:/home/mcaro/workbench/esp32-blink-idf/.embuild/espressif/esp-idf/v5.4.1/components/partition_table:/home/mcaro/workbench/esp32-blink-idf/.embuild/espressif/esp-idf/v5.4.1/components/app_update:/home/mcaro/workbench/esp32-blink-idf/.embuild/espressif/esp-idf/v5.4.1/tools/tools/xtensa-esp-elf-gdb/14.2_20240403/xtensa-esp-elf-gdb/bin:/home/mcaro/workbench/esp32-blink-idf/.embuild/espressif/esp-idf/v5.4.1/tools/tools/riscv32-esp-elf-gdb/14.2_20240403/riscv32-esp-elf-gdb/bin:/home/mcaro/workbench/esp32-blink-idf/.embuild/espressif/esp-idf/v5.4.1/tools/tools/xtensa-esp-elf/esp-14.2.0_20241119/xtensa-esp-elf/bin:/home/mcaro/workbench/esp32-blink-idf/.embuild/espressif/esp-idf/v5.4.1/tools/tools/riscv32-esp-elf/esp-14.2.0_20241119/riscv32-esp-elf/bin:/home/mcaro/workbench/esp32-blink-idf/.embuild/espressif/esp-idf/v5.4.1/tools/tools/esp32ulp-elf/2.38_20240113/esp32ulp-elf/bin:/home/mcaro/workbench/esp32-blink-idf/.embuild/espressif/esp-idf/v5.4.1/tools/tools/openocd-esp32/v0.12.0-esp32-20241016/openocd-esp32/bin:/home/mcaro/workbench/esp32-blink-idf/.embuild/espressif/esp-idf/v5.4.1/tools/python_env/idf5.4_py3.12_env/bin:/home/mcaro/workbench/esp32-blink-idf/.embuild/espressif/esp-idf/v5.4.1/tools:/home/mcaro/.local/bin:/home/mcaro/.local/bin:/home/mcaro/.cargo/bin:/home/mcaro/.local/bin:/opt/ros/jazzy/bin:/home/mcaro/.local/bin:/usr/local/sbin:/usr/local/bin:/usr/sbin:/usr/bin:/sbin:/bin:/usr/games:/usr/local/games:/snap/bin:/snap/bin:/home/mcaro/.windsurf/extensions/ms-python.debugpy-2025.6.0-linux-x64/bundled/scripts/noConfigScripts" VSLANG="1033" "xtensa-esp32-elf-gcc" "/tmp/rustc8VITzA/symbols.o" "<13 object files omitted>" "-Wl,--as-needed" "-Wl,-Bstatic" "/home/mcaro/workbench/esp32-blink-idf/target/xtensa-esp32-espidf/debug/deps/{libesp_idf_svc-4619b2ccd104d7b2.rlib,libfutures_io-efde6fd7ea8da079.rlib,libembassy_futures-57a6a1302416122a.rlib,libuncased-ebc22687ea589c83.rlib,libembedded_svc-4ed8479c537b9c9e.rlib,libanyhow-508045f4948bb749.rlib,libesp32_blink_idf-b42d414201a01f04.rlib,libcxx-d21f8a75e9d4d19a.rlib,libfoldhash-be0d754484583235.rlib,liblink_cplusplus-fec6f1ae99a99831.rlib,libesp_idf_hal-f04800c013126cfc.rlib,libembedded_hal_async-3bb5ea585f889258.rlib,libembedded_can-bdc731645619955e.rlib,libembedded_hal-b0b839fbd7b79f4a.rlib,libvoid-4f86016dd092439a.rlib,libnb-b0fe7f06d5e370f7.rlib,libembedded_hal_nb-fc512531b58e1068.rlib,libnb-f68c570788e7686a.rlib,libatomic_waker-508d249963998884.rlib,libembassy_sync-96ac93c05886fef6.rlib,libfutures_util-0b21a5ef2e3e4500.rlib,libpin_project_lite-9e007ada78018eb0.rlib,libfutures_task-beda3731c1c50d03.rlib,libpin_utils-831497f1c98dac38.rlib,libfutures_core-dc472c872dbfc8a9.rlib,libfutures_sink-57d8d3056e4ac074.rlib,libcritical_section-3f50d97cbb5b4396.rlib,libheapless-2e1f1c5615e6275b.rlib,libhash32-65034dbb1ee7c149.rlib,libbyteorder-75a8d0184981ffac.rlib,libembedded_io_async-cfe6e26228adaa44.rlib,libembedded_io-cbd5ee46d6023fb6.rlib,liblog-e160be16aeaea06b.rlib,libembedded_hal-18eb06480bfa8f37.rlib,libnum_enum-04b985ef14e22f43.rlib,libenumset-e28992addd8e1716.rlib,libesp_idf_sys-3ddf7825025ad472.rlib,liblibc-13e52220c7687674.rlib,libconst_format-99ff42f315173a1a.rlib,libstd-00b3517a169fd877.rlib,libpanic_abort-99ab365303d74768.rlib,libobject-2d391a243af5343a.rlib,libmemchr-ef21f1b1b2dff7f0.rlib,libaddr2line-24a197219ef32a27.rlib,libgimli-b2506b48a5c4bd00.rlib,librustc_demangle-7d3877d24928a55a.rlib,libstd_detect-4e8c4020f47efd23.rlib,libhashbrown-b6575691d23e6ab1.rlib,librustc_std_workspace_alloc-ffe3fe1f282f8852.rlib,libminiz_oxide-0df0bf6130c85160.rlib,libadler-ad6490500e855322.rlib,libunwind-7766139d3cc6dfed.rlib,libcfg_if-d842392edaffeffe.rlib,liblibc-0406cd84f6e1d2ac.rlib,liballoc-d16bd55dd655bda3.rlib,librustc_std_workspace_core-c38c8dd7728280c6.rlib,libcore-ecad78e2f836ed09.rlib,libcompiler_builtins-074cde6f14c23cb5.rlib}" "-Wl,-Bdynamic" "-lstdc++" "-Wl,--eh-frame-hdr" "-Wl,-z,noexecstack" "-L" "/home/mcaro/workbench/esp32-blink-idf/build/esp-idf/xtensa" "-L" "/home/mcaro/workbench/esp32-blink-idf/build/esp-idf/esp_timer" "-L" "/home/mcaro/workbench/esp32-blink-idf/build/esp-idf/esp_mm" "-L" "/home/mcaro/workbench/esp32-blink-idf/build/esp-idf/esp_driver_gpio" "-L" "/home/mcaro/workbench/esp32-blink-idf/build/esp-idf/esp_pm" "-L" "/home/mcaro/workbench/esp32-blink-idf/build/esp-idf/mbedtls" "-L" "/home/mcaro/workbench/esp32-blink-idf/build/esp-idf/esp_app_format" "-L" "/home/mcaro/workbench/esp32-blink-idf/build/esp-idf/esp_bootloader_format" "-L" "/home/mcaro/workbench/esp32-blink-idf/build/esp-idf/app_update" "-L" "/home/mcaro/workbench/esp32-blink-idf/build/esp-idf/esp_partition" "-L" "/home/mcaro/workbench/esp32-blink-idf/build/esp-idf/efuse" "-L" "/home/mcaro/workbench/esp32-blink-idf/build/esp-idf/bootloader_support" "-L" "/home/mcaro/workbench/esp32-blink-idf/build/esp-idf/esp_system" "-L" "/home/mcaro/workbench/esp32-blink-idf/build/esp-idf/esp_common" "-L" "/home/mcaro/workbench/esp32-blink-idf/build/esp-idf/esp_rom" "-L" "/home/mcaro/workbench/esp32-blink-idf/build/esp-idf/log" "-L" "/home/mcaro/workbench/esp32-blink-idf/build/esp-idf/heap" "-L" "/home/mcaro/workbench/esp32-blink-idf/build/esp-idf/esp_security" "-L" "/home/mcaro/workbench/esp32-blink-idf/build/esp-idf/esp_hw_support" "-L" "/home/mcaro/workbench/esp32-blink-idf/build/esp-idf/freertos" "-L" "/home/mcaro/workbench/esp32-blink-idf/build/esp-idf/newlib" "-L" "/home/mcaro/workbench/esp32-blink-idf/build/esp-idf/pthread" "-L" "/home/mcaro/workbench/esp32-blink-idf/build/esp-idf/cxx" "-L" "/home/mcaro/workbench/esp32-blink-idf/build/esp-idf/soc" "-L" "/home/mcaro/workbench/esp32-blink-idf/build/esp-idf/hal" "-L" "/home/mcaro/workbench/esp32-blink-idf/build/esp-idf/spi_flash" "-L" "/home/mcaro/workbench/esp32-blink-idf/build/esp-idf/esp_event" "-L" "/home/mcaro/workbench/esp32-blink-idf/build/esp-idf/nvs_flash" "-L" "/home/mcaro/workbench/esp32-blink-idf/build/esp-idf/esp_ringbuf" "-L" "/home/mcaro/workbench/esp32-blink-idf/build/esp-idf/esp_driver_pcnt" "-L" "/home/mcaro/workbench/esp32-blink-idf/build/esp-idf/esp_driver_gptimer" "-L" "/home/mcaro/workbench/esp32-blink-idf/build/esp-idf/esp_driver_spi" "-L" "/home/mcaro/workbench/esp32-blink-idf/build/esp-idf/esp_driver_mcpwm" "-L" "/home/mcaro/workbench/esp32-blink-idf/build/esp-idf/esp_driver_i2s" "-L" "/home/mcaro/workbench/esp32-blink-idf/build/esp-idf/sdmmc" "-L" "/home/mcaro/workbench/esp32-blink-idf/build/esp-idf/esp_driver_sdmmc" "-L" "/home/mcaro/workbench/esp32-blink-idf/build/esp-idf/esp_driver_sdspi" "-L" "/home/mcaro/workbench/esp32-blink-idf/build/esp-idf/esp_driver_sdio" "-L" "/home/mcaro/workbench/esp32-blink-idf/build/esp-idf/esp_driver_dac" "-L" "/home/mcaro/workbench/esp32-blink-idf/build/esp-idf/esp_driver_rmt" "-L" "/home/mcaro/workbench/esp32-blink-idf/build/esp-idf/esp_driver_sdm" "-L" "/home/mcaro/workbench/esp32-blink-idf/build/esp-idf/esp_driver_i2c" "-L" "/home/mcaro/workbench/esp32-blink-idf/build/esp-idf/esp_driver_uart" "-L" "/home/mcaro/workbench/esp32-blink-idf/build/esp-idf/esp_driver_ledc" "-L" "/home/mcaro/workbench/esp32-blink-idf/build/esp-idf/driver" "-L" "/home/mcaro/workbench/esp32-blink-idf/build/esp-idf/esp_phy" "-L" "/home/mcaro/workbench/esp32-blink-idf/build/esp-idf/esp_vfs_console" "-L" "/home/mcaro/workbench/esp32-blink-idf/build/esp-idf/vfs" "-L" "/home/mcaro/workbench/esp32-blink-idf/build/esp-idf/lwip" "-L" "/home/mcaro/workbench/esp32-blink-idf/build/esp-idf/esp_netif" "-L" "/home/mcaro/workbench/esp32-blink-idf/build/esp-idf/esp_coex" "-L" "/home/mcaro/workbench/esp32-blink-idf/build/esp-idf/esp_wifi" "-L" "/home/mcaro/workbench/esp32-blink-idf/build/esp-idf/wpa_supplicant" "-L" "/home/mcaro/workbench/esp32-blink-idf/build/esp-idf/esp_adc" "-L" "/home/mcaro/workbench/esp32-blink-idf/build/esp-idf/esp_eth" "-L" "/home/mcaro/workbench/esp32-blink-idf/build/esp-idf/http_parser" "-L" "/home/mcaro/workbench/esp32-blink-idf/build/esp-idf/chmorgan__esp-libhelix-mp3" "-L" "/home/mcaro/workbench/esp32-blink-idf/build/esp-idf/espressif__esp-modbus" "-L" "/home/mcaro/workbench/esp32-blink-idf/build/esp-idf/console" "-L" "/home/mcaro/workbench/esp32-blink-idf/build/esp-idf/espressif__libsodium" "-L" "/home/mcaro/workbench/esp32-blink-idf/build/esp-idf/espressif__mdns" "-L" "/home/mcaro/workbench/esp32-blink-idf/build/esp-idf/wear_levelling" "-L" "/home/mcaro/workbench/esp32-blink-idf/build/esp-idf/fatfs" "-L" "/home/mcaro/workbench/esp32-blink-idf/build/esp-idf/spiffs" "-L" "/home/mcaro/workbench/esp32-blink-idf/build/esp-idf/esp_hid" "-L" "/home/mcaro/workbench/esp32-blink-idf/build/esp-idf/espressif__cbor" "-L" "/home/mcaro/workbench/esp32-blink-idf/build/esp-idf/espressif__esp-dsp" "-L" "/home/mcaro/workbench/esp32-blink-idf/build/esp-idf/espressif__esp_diag_data_store" "-L" "/home/mcaro/workbench/esp32-blink-idf/build/esp-idf/esp-tls" "-L" "/home/mcaro/workbench/esp32-blink-idf/build/esp-idf/tcp_transport" "-L" "/home/mcaro/workbench/esp32-blink-idf/build/esp-idf/mqtt" "-L" "/home/mcaro/workbench/esp32-blink-idf/build/esp-idf/espressif__rmaker_common" "-L" "/home/mcaro/workbench/esp32-blink-idf/build/esp-idf/espressif__esp_diagnostics" "-L" "/home/mcaro/workbench/esp32-blink-idf/build/esp-idf/espcoredump" "-L" "/home/mcaro/workbench/esp32-blink-idf/build/esp-idf/espressif__esp_insights" "-L" "/home/mcaro/workbench/esp32-blink-idf/build/esp-idf/espressif__esp_modem" "-L" "/home/mcaro/workbench/esp32-blink-idf/build/esp-idf/protobuf-c" "-L" "/home/mcaro/workbench/esp32-blink-idf/build/esp-idf/espressif__json_parser" "-L" "/home/mcaro/workbench/esp32-blink-idf/build/esp-idf/espressif__json_generator" "-L" "/home/mcaro/workbench/esp32-blink-idf/build/esp-idf/esp_http_client" "-L" "/home/mcaro/workbench/esp32-blink-idf/build/esp-idf/esp_https_ota" "-L" "/home/mcaro/workbench/esp32-blink-idf/build/esp-idf/esp_http_server" "-L" "/home/mcaro/workbench/esp32-blink-idf/build/esp-idf/protocomm" "-L" "/home/mcaro/workbench/esp32-blink-idf/build/esp-idf/esp_https_server" "-L" "/home/mcaro/workbench/esp32-blink-idf/build/esp-idf/esp_local_ctrl" "-L" "/home/mcaro/workbench/esp32-blink-idf/build/esp-idf/espressif__esp_schedule" "-L" "/home/mcaro/workbench/esp32-blink-idf/build/esp-idf/json" "-L" "/home/mcaro/workbench/esp32-blink-idf/build/esp-idf/wifi_provisioning" "-L" "/home/mcaro/workbench/esp32-blink-idf/build/esp-idf/espressif__network_provisioning" "-L" "/home/mcaro/workbench/esp32-blink-idf/build/esp-idf/espressif__esp-serial-flasher" "-L" "/home/mcaro/workbench/esp32-blink-idf/build/esp-idf/espressif__esp_rcp_update" "-L" "/home/mcaro/workbench/esp32-blink-idf/build/esp-idf/espressif__esp_secure_cert_mgr" "-L" "/home/mcaro/workbench/esp32-blink-idf/build/esp-idf/espressif__esp_rainmaker" "-L" "/home/mcaro/workbench/esp32-blink-idf/build/esp-idf/espressif__qrcode" "-L" "/home/mcaro/workbench/esp32-blink-idf/build/esp-idf/joltwallet__littlefs" "-L" "/home/mcaro/workbench/esp32-blink-idf/build/esp-idf/espressif__arduino-esp32" "-L" "/home/mcaro/workbench/esp32-blink-idf/build/esp-idf/esp32servoserver" "-L" "/home/mcaro/workbench/esp32-blink-idf/build/esp-idf/lx16a-servo" "-L" "/home/mcaro/workbench/esp32-blink-idf/build/esp-idf/main" "-L" "/home/mcaro/workbench/esp32-blink-idf/build/esp-idf/app_trace" "-L" "/home/mcaro/workbench/esp32-blink-idf/build/esp-idf/unity" "-L" "/home/mcaro/workbench/esp32-blink-idf/build/esp-idf/cmock" "-L" "/home/mcaro/workbench/esp32-blink-idf/build/esp-idf/esp_driver_cam" "-L" "/home/mcaro/workbench/esp32-blink-idf/build/esp-idf/esp_gdbstub" "-L" "/home/mcaro/workbench/esp32-blink-idf/build/esp-idf/esp_lcd" "-L" "/home/mcaro/workbench/esp32-blink-idf/build/esp-idf/nvs_sec_provider" "-L" "/home/mcaro/workbench/esp32-blink-idf/build/esp-idf/perfmon" "-L" "/home/mcaro/workbench/esp32-blink-idf/build/esp-idf/rt" "-L" "/home/mcaro/workbench/esp32-blink-idf/build/esp-idf/main" "-L" "/home/mcaro/workbench/esp32-blink-idf/build/esp-idf/lx16a-servo" "-L" "/home/mcaro/workbench/esp32-blink-idf/build/esp-idf/esp32servoserver" "-L" "/home/mcaro/workbench/esp32-blink-idf/build/esp-idf/espressif__arduino-esp32" "-L" "/home/mcaro/workbench/esp32-blink-idf/target/xtensa-esp32-espidf/debug/build/cxx-7dc983514f7d338e/out" "-L" "/home/mcaro/workbench/esp32-blink-idf/target/xtensa-esp32-espidf/debug/build/link-cplusplus-fe6756bd3f9e199d/out" "-o" "/home/mcaro/workbench/esp32-blink-idf/target/xtensa-esp32-espidf/debug/deps/esp32_blink_idf-feebda0a96e8beb2" "-Wl,--gc-sections" "-no-pie" "-Wl,--allow-multiple-definition" "-nostdlib" "-u __cxa_guard_dummy" "-u __cxx_fatal_exception" "-Wl,--undefined=uxTopUsedPriority" "-Wl,--gc-sections" "-Wl,--start-group" "-lstdc++" "-lc" "-lgcc" "-lnosys" "-lpthread" "-Wl,--whole-archive" "-lxtensa" "-lxt_hal" "-lesp_rom" "-lesp_mm" "-lheap" "-lsoc" "-lhal" "-lesp_hw_support" "-lesp_system" "-lesp_common" "-lfreertos" "-Wl,--no-whole-archive" "-llog" "-lespcoredump" "-lesp_partition" "-lesp_driver_gpio" "-ldriver" "-lrtc" "-lnewlib" "-lspi_flash" "-lapp_update" "-lcxx" "-lesp_timer" "-lesp_event" "-lnvs_flash" "-lesp_phy" "-lesp_adc" "-lesp_eth" "-lesp_gdbstub" "-lesp_netif" "-lvfs" "-llwip" "-lmain" "-lesp32servoserver" "-llx16a-servo" "-lespressif__arduino-esp32" "-Wl,--end-group" "-Wl,--allow-multiple-definition"
  = note: some arguments are omitted. use `--verbose` to show all linker arguments
  = note: /home/mcaro/workbench/esp32-blink-idf/.embuild/espressif/esp-idf/v5.4.1/tools/tools/xtensa-esp-elf/esp-14.2.0_20241119/xtensa-esp-elf/bin/../lib/gcc/xtensa-esp-elf/14.2.0/../../../../xtensa-esp-elf/bin/ld: /home/mcaro/workbench/esp32-blink-idf/.embuild/espressif/esp-idf/v5.4.1/tools/tools/xtensa-esp-elf/esp-14.2.0_20241119/xtensa-esp-elf/bin/../lib/gcc/xtensa-esp-elf/14.2.0/../../../../xtensa-esp-elf/lib/esp32/libc.a(libc_a-closer.o):(.literal+0x4): warning: _close is not implemented and will always fail
          /home/mcaro/workbench/esp32-blink-idf/.embuild/espressif/esp-idf/v5.4.1/tools/tools/xtensa-esp-elf/esp-14.2.0_20241119/xtensa-esp-elf/bin/../lib/gcc/xtensa-esp-elf/14.2.0/../../../../xtensa-esp-elf/bin/ld: /home/mcaro/workbench/esp32-blink-idf/.embuild/espressif/esp-idf/v5.4.1/tools/tools/xtensa-esp-elf/esp-14.2.0_20241119/xtensa-esp-elf/bin/../lib/gcc/xtensa-esp-elf/14.2.0/../../../../xtensa-esp-elf/lib/esp32/libc.a(libc_a-fstatr.o):(.literal+0x4): warning: _fstat is not implemented and will always fail
          /home/mcaro/workbench/esp32-blink-idf/.embuild/espressif/esp-idf/v5.4.1/tools/tools/xtensa-esp-elf/esp-14.2.0_20241119/xtensa-esp-elf/bin/../lib/gcc/xtensa-esp-elf/14.2.0/../../../../xtensa-esp-elf/bin/ld: /home/mcaro/workbench/esp32-blink-idf/.embuild/espressif/esp-idf/v5.4.1/tools/tools/xtensa-esp-elf/esp-14.2.0_20241119/xtensa-esp-elf/bin/../lib/gcc/xtensa-esp-elf/14.2.0/../../../../xtensa-esp-elf/lib/esp32/libc.a(libc_a-signalr.o):(.literal+0x8): warning: _getpid is not implemented and will always fail
          /home/mcaro/workbench/esp32-blink-idf/.embuild/espressif/esp-idf/v5.4.1/tools/tools/xtensa-esp-elf/esp-14.2.0_20241119/xtensa-esp-elf/bin/../lib/gcc/xtensa-esp-elf/14.2.0/../../../../xtensa-esp-elf/bin/ld: /home/mcaro/workbench/esp32-blink-idf/.embuild/espressif/esp-idf/v5.4.1/tools/tools/xtensa-esp-elf/esp-14.2.0_20241119/xtensa-esp-elf/bin/../lib/gcc/xtensa-esp-elf/14.2.0/../../../../xtensa-esp-elf/lib/esp32/libc.a(libc_a-gettimeofdayr.o):(.literal+0x4): warning: _gettimeofday is not implemented and will always fail
          /home/mcaro/workbench/esp32-blink-idf/.embuild/espressif/esp-idf/v5.4.1/tools/tools/xtensa-esp-elf/esp-14.2.0_20241119/xtensa-esp-elf/bin/../lib/gcc/xtensa-esp-elf/14.2.0/../../../../xtensa-esp-elf/bin/ld: /home/mcaro/workbench/esp32-blink-idf/.embuild/espressif/esp-idf/v5.4.1/tools/tools/xtensa-esp-elf/esp-14.2.0_20241119/xtensa-esp-elf/bin/../lib/gcc/xtensa-esp-elf/14.2.0/../../../../xtensa-esp-elf/lib/esp32/libc.a(libc_a-signalr.o):(.literal+0x4): warning: _kill is not implemented and will always fail
          /home/mcaro/workbench/esp32-blink-idf/.embuild/espressif/esp-idf/v5.4.1/tools/tools/xtensa-esp-elf/esp-14.2.0_20241119/xtensa-esp-elf/bin/../lib/gcc/xtensa-esp-elf/14.2.0/../../../../xtensa-esp-elf/bin/ld: /home/mcaro/workbench/esp32-blink-idf/.embuild/espressif/esp-idf/v5.4.1/tools/tools/xtensa-esp-elf/esp-14.2.0_20241119/xtensa-esp-elf/bin/../lib/gcc/xtensa-esp-elf/14.2.0/../../../../xtensa-esp-elf/lib/esp32/libc.a(libc_a-linkr.o):(.literal+0x4): warning: _link is not implemented and will always fail
          /home/mcaro/workbench/esp32-blink-idf/.embuild/espressif/esp-idf/v5.4.1/tools/tools/xtensa-esp-elf/esp-14.2.0_20241119/xtensa-esp-elf/bin/../lib/gcc/xtensa-esp-elf/14.2.0/../../../../xtensa-esp-elf/bin/ld: /home/mcaro/workbench/esp32-blink-idf/.embuild/espressif/esp-idf/v5.4.1/tools/tools/xtensa-esp-elf/esp-14.2.0_20241119/xtensa-esp-elf/bin/../lib/gcc/xtensa-esp-elf/14.2.0/../../../../xtensa-esp-elf/lib/esp32/libc.a(libc_a-lseekr.o):(.literal+0x4): warning: _lseek is not implemented and will always fail
          /home/mcaro/workbench/esp32-blink-idf/.embuild/espressif/esp-idf/v5.4.1/tools/tools/xtensa-esp-elf/esp-14.2.0_20241119/xtensa-esp-elf/bin/../lib/gcc/xtensa-esp-elf/14.2.0/../../../../xtensa-esp-elf/bin/ld: /home/mcaro/workbench/esp32-blink-idf/.embuild/espressif/esp-idf/v5.4.1/tools/tools/xtensa-esp-elf/esp-14.2.0_20241119/xtensa-esp-elf/bin/../lib/gcc/xtensa-esp-elf/14.2.0/../../../../xtensa-esp-elf/lib/esp32/libc.a(libc_a-openr.o):(.literal+0x4): warning: _open is not implemented and will always fail
          /home/mcaro/workbench/esp32-blink-idf/.embuild/espressif/esp-idf/v5.4.1/tools/tools/xtensa-esp-elf/esp-14.2.0_20241119/xtensa-esp-elf/bin/../lib/gcc/xtensa-esp-elf/14.2.0/../../../../xtensa-esp-elf/bin/ld: /home/mcaro/workbench/esp32-blink-idf/.embuild/espressif/esp-idf/v5.4.1/tools/tools/xtensa-esp-elf/esp-14.2.0_20241119/xtensa-esp-elf/bin/../lib/gcc/xtensa-esp-elf/14.2.0/../../../../xtensa-esp-elf/lib/esp32/libc.a(libc_a-readr.o):(.literal+0x4): warning: _read is not implemented and will always fail
          /home/mcaro/workbench/esp32-blink-idf/.embuild/espressif/esp-idf/v5.4.1/tools/tools/xtensa-esp-elf/esp-14.2.0_20241119/xtensa-esp-elf/bin/../lib/gcc/xtensa-esp-elf/14.2.0/../../../../xtensa-esp-elf/bin/ld: /home/mcaro/workbench/esp32-blink-idf/.embuild/espressif/esp-idf/v5.4.1/tools/tools/xtensa-esp-elf/esp-14.2.0_20241119/xtensa-esp-elf/bin/../lib/gcc/xtensa-esp-elf/14.2.0/../../../../xtensa-esp-elf/lib/esp32/libc.a(libc_a-statr.o):(.literal+0x4): warning: _stat is not implemented and will always fail
          /home/mcaro/workbench/esp32-blink-idf/.embuild/espressif/esp-idf/v5.4.1/tools/tools/xtensa-esp-elf/esp-14.2.0_20241119/xtensa-esp-elf/bin/../lib/gcc/xtensa-esp-elf/14.2.0/../../../../xtensa-esp-elf/bin/ld: /home/mcaro/workbench/esp32-blink-idf/.embuild/espressif/esp-idf/v5.4.1/tools/tools/xtensa-esp-elf/esp-14.2.0_20241119/xtensa-esp-elf/bin/../lib/gcc/xtensa-esp-elf/14.2.0/../../../../xtensa-esp-elf/lib/esp32/libc.a(libc_a-unlinkr.o):(.literal+0x4): warning: _unlink is not implemented and will always fail
          /home/mcaro/workbench/esp32-blink-idf/.embuild/espressif/esp-idf/v5.4.1/tools/tools/xtensa-esp-elf/esp-14.2.0_20241119/xtensa-esp-elf/bin/../lib/gcc/xtensa-esp-elf/14.2.0/../../../../xtensa-esp-elf/bin/ld: /home/mcaro/workbench/esp32-blink-idf/.embuild/espressif/esp-idf/v5.4.1/tools/tools/xtensa-esp-elf/esp-14.2.0_20241119/xtensa-esp-elf/bin/../lib/gcc/xtensa-esp-elf/14.2.0/../../../../xtensa-esp-elf/lib/esp32/libc.a(libc_a-writer.o):(.literal+0x4): warning: _write is not implemented and will always fail
          /home/mcaro/workbench/esp32-blink-idf/.embuild/espressif/esp-idf/v5.4.1/tools/tools/xtensa-esp-elf/esp-14.2.0_20241119/xtensa-esp-elf/bin/../lib/gcc/xtensa-esp-elf/14.2.0/../../../../xtensa-esp-elf/bin/ld: /home/mcaro/workbench/esp32-blink-idf/.embuild/espressif/esp-idf/v5.4.1/tools/tools/xtensa-esp-elf/esp-14.2.0_20241119/xtensa-esp-elf/bin/../lib/gcc/xtensa-esp-elf/14.2.0/../../../../xtensa-esp-elf/lib/esp32/libc.a(libc_a-getentropyr.o):(.literal+0x4): warning: _getentropy is not implemented and will always fail
          /home/mcaro/workbench/esp32-blink-idf/.embuild/espressif/esp-idf/v5.4.1/tools/tools/xtensa-esp-elf/esp-14.2.0_20241119/xtensa-esp-elf/bin/../lib/gcc/xtensa-esp-elf/14.2.0/../../../../xtensa-esp-elf/bin/ld: /home/mcaro/workbench/esp32-blink-idf/target/xtensa-esp32-espidf/debug/deps/libesp_idf_svc-4619b2ccd104d7b2.rlib(esp_idf_svc-4619b2ccd104d7b2.esp_idf_svc.c1008e888ef64e2-cgu.09.rcgu.o):(.literal._ZN56_$LT$esp_idf_svc..log..EspLogger$u20$as$u20$log..Log$GT$3log17h3b0c0a936c576f26E+0x40): warning: __getreent is not implemented and will always fail
          /home/mcaro/workbench/esp32-blink-idf/.embuild/espressif/esp-idf/v5.4.1/tools/tools/xtensa-esp-elf/esp-14.2.0_20241119/xtensa-esp-elf/bin/../lib/gcc/xtensa-esp-elf/14.2.0/../../../../xtensa-esp-elf/bin/ld: /home/mcaro/workbench/esp32-blink-idf/.embuild/espressif/esp-idf/v5.4.1/tools/tools/xtensa-esp-elf/esp-14.2.0_20241119/xtensa-esp-elf/bin/../lib/gcc/xtensa-esp-elf/14.2.0/../../../../xtensa-esp-elf/lib/esp32/libc.a(libc_a-fcntlr.o):(.literal+0x4): warning: _fcntl is not implemented and will always fail
          /home/mcaro/workbench/esp32-blink-idf/.embuild/espressif/esp-idf/v5.4.1/tools/tools/xtensa-esp-elf/esp-14.2.0_20241119/xtensa-esp-elf/bin/../lib/gcc/xtensa-esp-elf/14.2.0/../../../../xtensa-esp-elf/bin/ld: /home/mcaro/workbench/esp32-blink-idf/target/xtensa-esp32-espidf/debug/deps/libstd-00b3517a169fd877.rlib(std-00b3517a169fd877.std.4d828383b5001d24-cgu.07.rcgu.o):(.literal._ZN3std3sys3pal4unix5cvt_r17hdd55818fb3576bf7E+0x0): warning: chmod is not implemented and will always fail
          /home/mcaro/workbench/esp32-blink-idf/.embuild/espressif/esp-idf/v5.4.1/tools/tools/xtensa-esp-elf/esp-14.2.0_20241119/xtensa-esp-elf/bin/../lib/gcc/xtensa-esp-elf/14.2.0/../../../../xtensa-esp-elf/bin/ld: /home/mcaro/workbench/esp32-blink-idf/target/xtensa-esp32-espidf/debug/deps/libstd-00b3517a169fd877.rlib(std-00b3517a169fd877.std.4d828383b5001d24-cgu.06.rcgu.o):(.literal._ZN70_$LT$std..sys..pal..unix..fs..Dir$u20$as$u20$core..ops..drop..Drop$GT$4drop17hfc4da056b03a8c0cE+0x0): warning: closedir is not implemented and will always fail
          /home/mcaro/workbench/esp32-blink-idf/.embuild/espressif/esp-idf/v5.4.1/tools/tools/xtensa-esp-elf/esp-14.2.0_20241119/xtensa-esp-elf/bin/../lib/gcc/xtensa-esp-elf/14.2.0/../../../../xtensa-esp-elf/bin/ld: /home/mcaro/workbench/esp32-blink-idf/target/xtensa-esp32-espidf/debug/deps/libstd-00b3517a169fd877.rlib(std-00b3517a169fd877.std.4d828383b5001d24-cgu.06.rcgu.o):(.literal._ZN3std3sys3pal4unix2fs10DirBuilder5mkdir28_$u7b$$u7b$closure$u7d$$u7d$17h4207b5b16e7d6b28E.llvm.13382532160983583489+0x0): warning: mkdir is not implemented and will always fail
          /home/mcaro/workbench/esp32-blink-idf/.embuild/espressif/esp-idf/v5.4.1/tools/tools/xtensa-esp-elf/esp-14.2.0_20241119/xtensa-esp-elf/bin/../lib/gcc/xtensa-esp-elf/14.2.0/../../../../xtensa-esp-elf/bin/ld: /home/mcaro/workbench/esp32-blink-idf/target/xtensa-esp32-espidf/debug/deps/libstd-00b3517a169fd877.rlib(std-00b3517a169fd877.std.4d828383b5001d24-cgu.06.rcgu.o):(.literal._ZN4core3ops8function6FnOnce40call_once$u7b$$u7b$vtable.shim$u7d$$u7d$17h5c073426f6e98e0dE.llvm.13382532160983583489+0x0): warning: opendir is not implemented and will always fail
          /home/mcaro/workbench/esp32-blink-idf/.embuild/espressif/esp-idf/v5.4.1/tools/tools/xtensa-esp-elf/esp-14.2.0_20241119/xtensa-esp-elf/bin/../lib/gcc/xtensa-esp-elf/14.2.0/../../../../xtensa-esp-elf/bin/ld: /home/mcaro/workbench/esp32-blink-idf/.embuild/espressif/esp-idf/v5.4.1/tools/tools/xtensa-esp-elf/esp-14.2.0_20241119/xtensa-esp-elf/bin/../lib/gcc/xtensa-esp-elf/14.2.0/../../../../xtensa-esp-elf/lib/esp32/libc.a(libc_a-renamer.o):(.literal+0x4): warning: _rename is not implemented and will always fail
          /home/mcaro/workbench/esp32-blink-idf/.embuild/espressif/esp-idf/v5.4.1/tools/tools/xtensa-esp-elf/esp-14.2.0_20241119/xtensa-esp-elf/bin/../lib/gcc/xtensa-esp-elf/14.2.0/../../../../xtensa-esp-elf/bin/ld: /home/mcaro/workbench/esp32-blink-idf/target/xtensa-esp32-espidf/debug/deps/libstd-00b3517a169fd877.rlib(std-00b3517a169fd877.std.4d828383b5001d24-cgu.06.rcgu.o):(.literal._ZN3std3sys3pal4unix6thread6Thread3new17hc140ea4d499c34e0E+0x2c): warning: pthread_attr_destroy is not implemented and will always fail
          /home/mcaro/workbench/esp32-blink-idf/.embuild/espressif/esp-idf/v5.4.1/tools/tools/xtensa-esp-elf/esp-14.2.0_20241119/xtensa-esp-elf/bin/../lib/gcc/xtensa-esp-elf/14.2.0/../../../../xtensa-esp-elf/bin/ld: /home/mcaro/workbench/esp32-blink-idf/target/xtensa-esp32-espidf/debug/deps/libstd-00b3517a169fd877.rlib(std-00b3517a169fd877.std.4d828383b5001d24-cgu.06.rcgu.o):(.literal._ZN3std3sys3pal4unix6thread6Thread3new17hc140ea4d499c34e0E+0xc): warning: pthread_attr_init is not implemented and will always fail
          /home/mcaro/workbench/esp32-blink-idf/.embuild/espressif/esp-idf/v5.4.1/tools/tools/xtensa-esp-elf/esp-14.2.0_20241119/xtensa-esp-elf/bin/../lib/gcc/xtensa-esp-elf/14.2.0/../../../../xtensa-esp-elf/bin/ld: /home/mcaro/workbench/esp32-blink-idf/target/xtensa-esp32-espidf/debug/deps/libstd-00b3517a169fd877.rlib(std-00b3517a169fd877.std.4d828383b5001d24-cgu.06.rcgu.o):(.literal._ZN3std3sys3pal4unix6thread6Thread3new17hc140ea4d499c34e0E+0x1c): warning: pthread_attr_setstacksize is not implemented and will always fail
          /home/mcaro/workbench/esp32-blink-idf/.embuild/espressif/esp-idf/v5.4.1/tools/tools/xtensa-esp-elf/esp-14.2.0_20241119/xtensa-esp-elf/bin/../lib/gcc/xtensa-esp-elf/14.2.0/../../../../xtensa-esp-elf/bin/ld: /home/mcaro/workbench/esp32-blink-idf/target/xtensa-esp32-espidf/debug/deps/libesp_idf_svc-4619b2ccd104d7b2.rlib(esp_idf_svc-4619b2ccd104d7b2.esp_idf_svc.c1008e888ef64e2-cgu.14.rcgu.o):(.literal._ZN11esp_idf_svc7private5mutex7Condvar10notify_all17hcde837a1f2841850E+0x0): warning: pthread_cond_broadcast is not implemented and will always fail
          /home/mcaro/workbench/esp32-blink-idf/.embuild/espressif/esp-idf/v5.4.1/tools/tools/xtensa-esp-elf/esp-14.2.0_20241119/xtensa-esp-elf/bin/../lib/gcc/xtensa-esp-elf/14.2.0/../../../../xtensa-esp-elf/bin/ld: /home/mcaro/workbench/esp32-blink-idf/target/xtensa-esp32-espidf/debug/deps/libesp_idf_svc-4619b2ccd104d7b2.rlib(esp_idf_svc-4619b2ccd104d7b2.esp_idf_svc.c1008e888ef64e2-cgu.14.rcgu.o):(.literal._ZN81_$LT$esp_idf_svc..private..mutex..RawCondvar$u20$as$u20$core..ops..drop..Drop$GT$4drop17h3001adeeadde9551E+0x0): warning: pthread_cond_destroy is not implemented and will always fail
          /home/mcaro/workbench/esp32-blink-idf/.embuild/espressif/esp-idf/v5.4.1/tools/tools/xtensa-esp-elf/esp-14.2.0_20241119/xtensa-esp-elf/bin/../lib/gcc/xtensa-esp-elf/14.2.0/../../../../xtensa-esp-elf/bin/ld: /home/mcaro/workbench/esp32-blink-idf/target/xtensa-esp32-espidf/debug/deps/libesp_idf_svc-4619b2ccd104d7b2.rlib(esp_idf_svc-4619b2ccd104d7b2.esp_idf_svc.c1008e888ef64e2-cgu.14.rcgu.o):(.literal._ZN11esp_idf_svc7private5mutex7Condvar3new17ha5acf6296d5a0e8cE+0x0): warning: pthread_cond_init is not implemented and will always fail
          /home/mcaro/workbench/esp32-blink-idf/.embuild/espressif/esp-idf/v5.4.1/tools/tools/xtensa-esp-elf/esp-14.2.0_20241119/xtensa-esp-elf/bin/../lib/gcc/xtensa-esp-elf/14.2.0/../../../../xtensa-esp-elf/bin/ld: /home/mcaro/workbench/esp32-blink-idf/target/xtensa-esp32-espidf/debug/deps/libstd-00b3517a169fd877.rlib(std-00b3517a169fd877.std.4d828383b5001d24-cgu.03.rcgu.o):(.literal._ZN3std4sync6poison7condvar7Condvar10notify_one17h6b06722b86d0974fE+0x4): warning: pthread_cond_signal is not implemented and will always fail
          /home/mcaro/workbench/esp32-blink-idf/.embuild/espressif/esp-idf/v5.4.1/tools/tools/xtensa-esp-elf/esp-14.2.0_20241119/xtensa-esp-elf/bin/../lib/gcc/xtensa-esp-elf/14.2.0/../../../../xtensa-esp-elf/bin/ld: /home/mcaro/workbench/esp32-blink-idf/target/xtensa-esp32-espidf/debug/deps/libesp_idf_svc-4619b2ccd104d7b2.rlib(esp_idf_svc-4619b2ccd104d7b2.esp_idf_svc.c1008e888ef64e2-cgu.14.rcgu.o):(.literal._ZN11esp_idf_svc7private5mutex10RawCondvar12wait_timeout17h789f6116468344dfE+0x4): warning: pthread_cond_timedwait is not implemented and will always fail
          /home/mcaro/workbench/esp32-blink-idf/.embuild/espressif/esp-idf/v5.4.1/tools/tools/xtensa-esp-elf/esp-14.2.0_20241119/xtensa-esp-elf/bin/../lib/gcc/xtensa-esp-elf/14.2.0/../../../../xtensa-esp-elf/bin/ld: /home/mcaro/workbench/esp32-blink-idf/target/xtensa-esp32-espidf/debug/deps/libesp_idf_svc-4619b2ccd104d7b2.rlib(esp_idf_svc-4619b2ccd104d7b2.esp_idf_svc.c1008e888ef64e2-cgu.14.rcgu.o):(.literal._ZN11esp_idf_svc7private5mutex10RawCondvar4wait17h70fc9d7d86b82ab5E+0x0): warning: pthread_cond_wait is not implemented and will always fail
          /home/mcaro/workbench/esp32-blink-idf/.embuild/espressif/esp-idf/v5.4.1/tools/tools/xtensa-esp-elf/esp-14.2.0_20241119/xtensa-esp-elf/bin/../lib/gcc/xtensa-esp-elf/14.2.0/../../../../xtensa-esp-elf/bin/ld: /home/mcaro/workbench/esp32-blink-idf/target/xtensa-esp32-espidf/debug/deps/libstd-00b3517a169fd877.rlib(std-00b3517a169fd877.std.4d828383b5001d24-cgu.06.rcgu.o):(.literal._ZN3std3sys3pal4unix6thread6Thread3new17hc140ea4d499c34e0E+0x28): warning: pthread_create is not implemented and will always fail
          /home/mcaro/workbench/esp32-blink-idf/.embuild/espressif/esp-idf/v5.4.1/tools/tools/xtensa-esp-elf/esp-14.2.0_20241119/xtensa-esp-elf/bin/../lib/gcc/xtensa-esp-elf/14.2.0/../../../../xtensa-esp-elf/bin/ld: /home/mcaro/workbench/esp32-blink-idf/target/xtensa-esp32-espidf/debug/deps/libstd-00b3517a169fd877.rlib(std-00b3517a169fd877.std.4d828383b5001d24-cgu.06.rcgu.o):(.literal._ZN77_$LT$std..sys..pal..unix..thread..Thread$u20$as$u20$core..ops..drop..Drop$GT$4drop17h3312d5a8f649ec1aE+0x0): warning: pthread_detach is not implemented and will always fail
          /home/mcaro/workbench/esp32-blink-idf/.embuild/espressif/esp-idf/v5.4.1/tools/tools/xtensa-esp-elf/esp-14.2.0_20241119/xtensa-esp-elf/bin/../lib/gcc/xtensa-esp-elf/14.2.0/../../../../xtensa-esp-elf/bin/ld: /home/mcaro/workbench/esp32-blink-idf/target/xtensa-esp32-espidf/debug/deps/libstd-00b3517a169fd877.rlib(std-00b3517a169fd877.std.4d828383b5001d24-cgu.09.rcgu.o):(.literal._ZN3std3sys12thread_local2os16Storage$LT$T$GT$3get17h382862722e5bd0afE+0x4): warning: pthread_getspecific is not implemented and will always fail
          /home/mcaro/workbench/esp32-blink-idf/.embuild/espressif/esp-idf/v5.4.1/tools/tools/xtensa-esp-elf/esp-14.2.0_20241119/xtensa-esp-elf/bin/../lib/gcc/xtensa-esp-elf/14.2.0/../../../../xtensa-esp-elf/bin/ld: /home/mcaro/workbench/esp32-blink-idf/target/xtensa-esp32-espidf/debug/deps/libstd-00b3517a169fd877.rlib(std-00b3517a169fd877.std.4d828383b5001d24-cgu.06.rcgu.o):(.literal._ZN3std3sys3pal4unix6thread6Thread4join17h1eedd36765a9f488E+0x0): warning: pthread_join is not implemented and will always fail
          /home/mcaro/workbench/esp32-blink-idf/.embuild/espressif/esp-idf/v5.4.1/tools/tools/xtensa-esp-elf/esp-14.2.0_20241119/xtensa-esp-elf/bin/../lib/gcc/xtensa-esp-elf/14.2.0/../../../../xtensa-esp-elf/bin/ld: /home/mcaro/workbench/esp32-blink-idf/target/xtensa-esp32-espidf/debug/deps/libstd-00b3517a169fd877.rlib(std-00b3517a169fd877.std.4d828383b5001d24-cgu.13.rcgu.o):(.literal._ZN3std3sys12thread_local3key4unix6create17hebebfd6eeb13a50dE.llvm.1906787830247957538+0x0): warning: pthread_key_create is not implemented and will always fail
          /home/mcaro/workbench/esp32-blink-idf/.embuild/espressif/esp-idf/v5.4.1/tools/tools/xtensa-esp-elf/esp-14.2.0_20241119/xtensa-esp-elf/bin/../lib/gcc/xtensa-esp-elf/14.2.0/../../../../xtensa-esp-elf/bin/ld: /home/mcaro/workbench/esp32-blink-idf/target/xtensa-esp32-espidf/debug/deps/libstd-00b3517a169fd877.rlib(std-00b3517a169fd877.std.4d828383b5001d24-cgu.13.rcgu.o):(.literal._ZN3std3sys12thread_local3key4unix7destroy17hed475d0391d41f5dE.llvm.1906787830247957538+0x0): warning: pthread_key_delete is not implemented and will always fail
          /home/mcaro/workbench/esp32-blink-idf/.embuild/espressif/esp-idf/v5.4.1/tools/tools/xtensa-esp-elf/esp-14.2.0_20241119/xtensa-esp-elf/bin/../lib/gcc/xtensa-esp-elf/14.2.0/../../../../xtensa-esp-elf/bin/ld: /home/mcaro/workbench/esp32-blink-idf/target/xtensa-esp32-espidf/debug/deps/libesp_idf_svc-4619b2ccd104d7b2.rlib(esp_idf_svc-4619b2ccd104d7b2.esp_idf_svc.c1008e888ef64e2-cgu.14.rcgu.o):(.literal._ZN79_$LT$esp_idf_svc..private..mutex..RawMutex$u20$as$u20$core..ops..drop..Drop$GT$4drop17hf8437f3016d74e15E+0x0): warning: pthread_mutex_destroy is not implemented and will always fail
          /home/mcaro/workbench/esp32-blink-idf/.embuild/espressif/esp-idf/v5.4.1/tools/tools/xtensa-esp-elf/esp-14.2.0_20241119/xtensa-esp-elf/bin/../lib/gcc/xtensa-esp-elf/14.2.0/../../../../xtensa-esp-elf/bin/ld: /home/mcaro/workbench/esp32-blink-idf/target/xtensa-esp32-espidf/debug/deps/libstd-00b3517a169fd877.rlib(std-00b3517a169fd877.std.4d828383b5001d24-cgu.06.rcgu.o):(.literal._ZN3std3sys3pal4unix4sync5mutex5Mutex4init17h76c2c8342350031bE+0x1c): warning: pthread_mutex_init is not implemented and will always fail
          /home/mcaro/workbench/esp32-blink-idf/.embuild/espressif/esp-idf/v5.4.1/tools/tools/xtensa-esp-elf/esp-14.2.0_20241119/xtensa-esp-elf/bin/../lib/gcc/xtensa-esp-elf/14.2.0/../../../../xtensa-esp-elf/bin/ld: /home/mcaro/workbench/esp32-blink-idf/target/xtensa-esp32-espidf/debug/deps/libesp_idf_svc-4619b2ccd104d7b2.rlib(esp_idf_svc-4619b2ccd104d7b2.esp_idf_svc.c1008e888ef64e2-cgu.09.rcgu.o):(.literal._ZN56_$LT$esp_idf_svc..log..EspLogger$u20$as$u20$log..Log$GT$3log17h3b0c0a936c576f26E+0x0): warning: pthread_mutex_lock is not implemented and will always fail
          /home/mcaro/workbench/esp32-blink-idf/.embuild/espressif/esp-idf/v5.4.1/tools/tools/xtensa-esp-elf/esp-14.2.0_20241119/xtensa-esp-elf/bin/../lib/gcc/xtensa-esp-elf/14.2.0/../../../../xtensa-esp-elf/bin/ld: /home/mcaro/workbench/esp32-blink-idf/target/xtensa-esp32-espidf/debug/deps/libstd-00b3517a169fd877.rlib(std-00b3517a169fd877.std.4d828383b5001d24-cgu.06.rcgu.o):(.literal._ZN3std3sys3pal4unix4sync5mutex5Mutex8try_lock17ha26110ef45310577E+0x0): warning: pthread_mutex_trylock is not implemented and will always fail
          /home/mcaro/workbench/esp32-blink-idf/.embuild/espressif/esp-idf/v5.4.1/tools/tools/xtensa-esp-elf/esp-14.2.0_20241119/xtensa-esp-elf/bin/../lib/gcc/xtensa-esp-elf/14.2.0/../../../../xtensa-esp-elf/bin/ld: /home/mcaro/workbench/esp32-blink-idf/target/xtensa-esp32-espidf/debug/deps/libesp_idf_svc-4619b2ccd104d7b2.rlib(esp_idf_svc-4619b2ccd104d7b2.esp_idf_svc.c1008e888ef64e2-cgu.09.rcgu.o):(.literal._ZN4core3ptr166drop_in_place$LT$esp_idf_svc..private..mutex..MutexGuard$LT$alloc..collections..btree..map..BTreeMap$LT$alloc..string..String$C$alloc..ffi..c_str..CString$GT$$GT$$GT$17h1f363fdf9bad73a2E+0x0): warning: pthread_mutex_unlock is not implemented and will always fail
          /home/mcaro/workbench/esp32-blink-idf/.embuild/espressif/esp-idf/v5.4.1/tools/tools/xtensa-esp-elf/esp-14.2.0_20241119/xtensa-esp-elf/bin/../lib/gcc/xtensa-esp-elf/14.2.0/../../../../xtensa-esp-elf/bin/ld: /home/mcaro/workbench/esp32-blink-idf/target/xtensa-esp32-espidf/debug/deps/libstd-00b3517a169fd877.rlib(std-00b3517a169fd877.std.4d828383b5001d24-cgu.06.rcgu.o):(.literal._ZN85_$LT$std..sys..pal..unix..sync..mutex..AttrGuard$u20$as$u20$core..ops..drop..Drop$GT$4drop17h0f1b7c1bda27e9bdE+0x0): warning: pthread_mutexattr_destroy is not implemented and will always fail
          /home/mcaro/workbench/esp32-blink-idf/.embuild/espressif/esp-idf/v5.4.1/tools/tools/xtensa-esp-elf/esp-14.2.0_20241119/xtensa-esp-elf/bin/../lib/gcc/xtensa-esp-elf/14.2.0/../../../../xtensa-esp-elf/bin/ld: /home/mcaro/workbench/esp32-blink-idf/target/xtensa-esp32-espidf/debug/deps/libstd-00b3517a169fd877.rlib(std-00b3517a169fd877.std.4d828383b5001d24-cgu.06.rcgu.o):(.literal._ZN3std3sys3pal4unix4sync5mutex5Mutex4init17h76c2c8342350031bE+0x0): warning: pthread_mutexattr_init is not implemented and will always fail
          /home/mcaro/workbench/esp32-blink-idf/.embuild/espressif/esp-idf/v5.4.1/tools/tools/xtensa-esp-elf/esp-14.2.0_20241119/xtensa-esp-elf/bin/../lib/gcc/xtensa-esp-elf/14.2.0/../../../../xtensa-esp-elf/bin/ld: /home/mcaro/workbench/esp32-blink-idf/target/xtensa-esp32-espidf/debug/deps/libstd-00b3517a169fd877.rlib(std-00b3517a169fd877.std.4d828383b5001d24-cgu.06.rcgu.o):(.literal._ZN3std3sys3pal4unix4sync5mutex5Mutex4init17h76c2c8342350031bE+0x14): warning: pthread_mutexattr_settype is not implemented and will always fail
          /home/mcaro/workbench/esp32-blink-idf/.embuild/espressif/esp-idf/v5.4.1/tools/tools/xtensa-esp-elf/esp-14.2.0_20241119/xtensa-esp-elf/bin/../lib/gcc/xtensa-esp-elf/14.2.0/../../../../xtensa-esp-elf/bin/ld: /home/mcaro/workbench/esp32-blink-idf/.embuild/espressif/esp-idf/v5.4.1/tools/tools/xtensa-esp-elf/esp-14.2.0_20241119/xtensa-esp-elf/bin/../lib/gcc/xtensa-esp-elf/14.2.0/../../../../xtensa-esp-elf/lib/esp32/libstdc++.a(locale.o):(.literal._ZNSt6locale5facet15_S_get_c_localeEv+0xc): warning: pthread_once is not implemented and will always fail
          /home/mcaro/workbench/esp32-blink-idf/.embuild/espressif/esp-idf/v5.4.1/tools/tools/xtensa-esp-elf/esp-14.2.0_20241119/xtensa-esp-elf/bin/../lib/gcc/xtensa-esp-elf/14.2.0/../../../../xtensa-esp-elf/bin/ld: /home/mcaro/workbench/esp32-blink-idf/target/xtensa-esp32-espidf/debug/deps/libstd-00b3517a169fd877.rlib(std-00b3517a169fd877.std.4d828383b5001d24-cgu.09.rcgu.o):(.literal._ZN3std3sys12thread_local3key4unix3set17h27eef2d901ec6a5dE.llvm.12139743581642835487+0x0): warning: pthread_setspecific is not implemented and will always fail
          /home/mcaro/workbench/esp32-blink-idf/.embuild/espressif/esp-idf/v5.4.1/tools/tools/xtensa-esp-elf/esp-14.2.0_20241119/xtensa-esp-elf/bin/../lib/gcc/xtensa-esp-elf/14.2.0/../../../../xtensa-esp-elf/bin/ld: cannot find -lxt_hal: No such file or directory
          /home/mcaro/workbench/esp32-blink-idf/.embuild/espressif/esp-idf/v5.4.1/tools/tools/xtensa-esp-elf/esp-14.2.0_20241119/xtensa-esp-elf/bin/../lib/gcc/xtensa-esp-elf/14.2.0/../../../../xtensa-esp-elf/bin/ld: cannot find -lrtc: No such file or directory
          collect2: error: ld returned 1 exit status
          /home/mcaro/workbench/esp32-blink-idf/.embuild/espressif/esp-idf/v5.4.1/tools/tools/xtensa-esp-elf/esp-14.2.0_20241119/xtensa-esp-elf/bin/../lib/gcc/xtensa-esp-elf/14.2.0/../../../../xtensa-esp-elf/bin/ld: /home/mcaro/workbench/esp32-blink-idf/.embuild/espressif/esp-idf/v5.4.1/tools/tools/xtensa-esp-elf/esp-14.2.0_20241119/xtensa-esp-elf/bin/../lib/gcc/xtensa-esp-elf/14.2.0/../../../../xtensa-esp-elf/lib/esp32/libc.a(libc_a-closer.o): note: the message above does not take linker garbage collection into account
          /home/mcaro/workbench/esp32-blink-idf/.embuild/espressif/esp-idf/v5.4.1/tools/tools/xtensa-esp-elf/esp-14.2.0_20241119/xtensa-esp-elf/bin/../lib/gcc/xtensa-esp-elf/14.2.0/../../../../xtensa-esp-elf/bin/ld: /home/mcaro/workbench/esp32-blink-idf/.embuild/espressif/esp-idf/v5.4.1/tools/tools/xtensa-esp-elf/esp-14.2.0_20241119/xtensa-esp-elf/bin/../lib/gcc/xtensa-esp-elf/14.2.0/../../../../xtensa-esp-elf/lib/esp32/libc.a(libc_a-fstatr.o): note: the message above does not take linker garbage collection into account
          /home/mcaro/workbench/esp32-blink-idf/.embuild/espressif/esp-idf/v5.4.1/tools/tools/xtensa-esp-elf/esp-14.2.0_20241119/xtensa-esp-elf/bin/../lib/gcc/xtensa-esp-elf/14.2.0/../../../../xtensa-esp-elf/bin/ld: /home/mcaro/workbench/esp32-blink-idf/.embuild/espressif/esp-idf/v5.4.1/tools/tools/xtensa-esp-elf/esp-14.2.0_20241119/xtensa-esp-elf/bin/../lib/gcc/xtensa-esp-elf/14.2.0/../../../../xtensa-esp-elf/lib/esp32/libc.a(libc_a-signalr.o): note: the message above does not take linker garbage collection into account
          /home/mcaro/workbench/esp32-blink-idf/.embuild/espressif/esp-idf/v5.4.1/tools/tools/xtensa-esp-elf/esp-14.2.0_20241119/xtensa-esp-elf/bin/../lib/gcc/xtensa-esp-elf/14.2.0/../../../../xtensa-esp-elf/bin/ld: /home/mcaro/workbench/esp32-blink-idf/.embuild/espressif/esp-idf/v5.4.1/tools/tools/xtensa-esp-elf/esp-14.2.0_20241119/xtensa-esp-elf/bin/../lib/gcc/xtensa-esp-elf/14.2.0/../../../../xtensa-esp-elf/lib/esp32/libc.a(libc_a-gettimeofdayr.o): note: the message above does not take linker garbage collection into account
          /home/mcaro/workbench/esp32-blink-idf/.embuild/espressif/esp-idf/v5.4.1/tools/tools/xtensa-esp-elf/esp-14.2.0_20241119/xtensa-esp-elf/bin/../lib/gcc/xtensa-esp-elf/14.2.0/../../../../xtensa-esp-elf/bin/ld: /home/mcaro/workbench/esp32-blink-idf/.embuild/espressif/esp-idf/v5.4.1/tools/tools/xtensa-esp-elf/esp-14.2.0_20241119/xtensa-esp-elf/bin/../lib/gcc/xtensa-esp-elf/14.2.0/../../../../xtensa-esp-elf/lib/esp32/libc.a(libc_a-signalr.o): note: the message above does not take linker garbage collection into account
          /home/mcaro/workbench/esp32-blink-idf/.embuild/espressif/esp-idf/v5.4.1/tools/tools/xtensa-esp-elf/esp-14.2.0_20241119/xtensa-esp-elf/bin/../lib/gcc/xtensa-esp-elf/14.2.0/../../../../xtensa-esp-elf/bin/ld: /home/mcaro/workbench/esp32-blink-idf/.embuild/espressif/esp-idf/v5.4.1/tools/tools/xtensa-esp-elf/esp-14.2.0_20241119/xtensa-esp-elf/bin/../lib/gcc/xtensa-esp-elf/14.2.0/../../../../xtensa-esp-elf/lib/esp32/libc.a(libc_a-linkr.o): note: the message above does not take linker garbage collection into account
          /home/mcaro/workbench/esp32-blink-idf/.embuild/espressif/esp-idf/v5.4.1/tools/tools/xtensa-esp-elf/esp-14.2.0_20241119/xtensa-esp-elf/bin/../lib/gcc/xtensa-esp-elf/14.2.0/../../../../xtensa-esp-elf/bin/ld: /home/mcaro/workbench/esp32-blink-idf/.embuild/espressif/esp-idf/v5.4.1/tools/tools/xtensa-esp-elf/esp-14.2.0_20241119/xtensa-esp-elf/bin/../lib/gcc/xtensa-esp-elf/14.2.0/../../../../xtensa-esp-elf/lib/esp32/libc.a(libc_a-lseekr.o): note: the message above does not take linker garbage collection into account
          /home/mcaro/workbench/esp32-blink-idf/.embuild/espressif/esp-idf/v5.4.1/tools/tools/xtensa-esp-elf/esp-14.2.0_20241119/xtensa-esp-elf/bin/../lib/gcc/xtensa-esp-elf/14.2.0/../../../../xtensa-esp-elf/bin/ld: /home/mcaro/workbench/esp32-blink-idf/.embuild/espressif/esp-idf/v5.4.1/tools/tools/xtensa-esp-elf/esp-14.2.0_20241119/xtensa-esp-elf/bin/../lib/gcc/xtensa-esp-elf/14.2.0/../../../../xtensa-esp-elf/lib/esp32/libc.a(libc_a-openr.o): note: the message above does not take linker garbage collection into account
          /home/mcaro/workbench/esp32-blink-idf/.embuild/espressif/esp-idf/v5.4.1/tools/tools/xtensa-esp-elf/esp-14.2.0_20241119/xtensa-esp-elf/bin/../lib/gcc/xtensa-esp-elf/14.2.0/../../../../xtensa-esp-elf/bin/ld: /home/mcaro/workbench/esp32-blink-idf/.embuild/espressif/esp-idf/v5.4.1/tools/tools/xtensa-esp-elf/esp-14.2.0_20241119/xtensa-esp-elf/bin/../lib/gcc/xtensa-esp-elf/14.2.0/../../../../xtensa-esp-elf/lib/esp32/libc.a(libc_a-readr.o): note: the message above does not take linker garbage collection into account
          /home/mcaro/workbench/esp32-blink-idf/.embuild/espressif/esp-idf/v5.4.1/tools/tools/xtensa-esp-elf/esp-14.2.0_20241119/xtensa-esp-elf/bin/../lib/gcc/xtensa-esp-elf/14.2.0/../../../../xtensa-esp-elf/bin/ld: /home/mcaro/workbench/esp32-blink-idf/.embuild/espressif/esp-idf/v5.4.1/tools/tools/xtensa-esp-elf/esp-14.2.0_20241119/xtensa-esp-elf/bin/../lib/gcc/xtensa-esp-elf/14.2.0/../../../../xtensa-esp-elf/lib/esp32/libc.a(libc_a-statr.o): note: the message above does not take linker garbage collection into account
          /home/mcaro/workbench/esp32-blink-idf/.embuild/espressif/esp-idf/v5.4.1/tools/tools/xtensa-esp-elf/esp-14.2.0_20241119/xtensa-esp-elf/bin/../lib/gcc/xtensa-esp-elf/14.2.0/../../../../xtensa-esp-elf/bin/ld: /home/mcaro/workbench/esp32-blink-idf/.embuild/espressif/esp-idf/v5.4.1/tools/tools/xtensa-esp-elf/esp-14.2.0_20241119/xtensa-esp-elf/bin/../lib/gcc/xtensa-esp-elf/14.2.0/../../../../xtensa-esp-elf/lib/esp32/libc.a(libc_a-unlinkr.o): note: the message above does not take linker garbage collection into account
          /home/mcaro/workbench/esp32-blink-idf/.embuild/espressif/esp-idf/v5.4.1/tools/tools/xtensa-esp-elf/esp-14.2.0_20241119/xtensa-esp-elf/bin/../lib/gcc/xtensa-esp-elf/14.2.0/../../../../xtensa-esp-elf/bin/ld: /home/mcaro/workbench/esp32-blink-idf/.embuild/espressif/esp-idf/v5.4.1/tools/tools/xtensa-esp-elf/esp-14.2.0_20241119/xtensa-esp-elf/bin/../lib/gcc/xtensa-esp-elf/14.2.0/../../../../xtensa-esp-elf/lib/esp32/libc.a(libc_a-writer.o): note: the message above does not take linker garbage collection into account
          /home/mcaro/workbench/esp32-blink-idf/.embuild/espressif/esp-idf/v5.4.1/tools/tools/xtensa-esp-elf/esp-14.2.0_20241119/xtensa-esp-elf/bin/../lib/gcc/xtensa-esp-elf/14.2.0/../../../../xtensa-esp-elf/bin/ld: /home/mcaro/workbench/esp32-blink-idf/.embuild/espressif/esp-idf/v5.4.1/tools/tools/xtensa-esp-elf/esp-14.2.0_20241119/xtensa-esp-elf/bin/../lib/gcc/xtensa-esp-elf/14.2.0/../../../../xtensa-esp-elf/lib/esp32/libc.a(libc_a-getentropyr.o): note: the message above does not take linker garbage collection into account
          /home/mcaro/workbench/esp32-blink-idf/.embuild/espressif/esp-idf/v5.4.1/tools/tools/xtensa-esp-elf/esp-14.2.0_20241119/xtensa-esp-elf/bin/../lib/gcc/xtensa-esp-elf/14.2.0/../../../../xtensa-esp-elf/bin/ld: /home/mcaro/workbench/esp32-blink-idf/target/xtensa-esp32-espidf/debug/deps/libesp_idf_svc-4619b2ccd104d7b2.rlib(esp_idf_svc-4619b2ccd104d7b2.esp_idf_svc.c1008e888ef64e2-cgu.09.rcgu.o): note: the message above does not take linker garbage collection into account
          /home/mcaro/workbench/esp32-blink-idf/.embuild/espressif/esp-idf/v5.4.1/tools/tools/xtensa-esp-elf/esp-14.2.0_20241119/xtensa-esp-elf/bin/../lib/gcc/xtensa-esp-elf/14.2.0/../../../../xtensa-esp-elf/bin/ld: /home/mcaro/workbench/esp32-blink-idf/.embuild/espressif/esp-idf/v5.4.1/tools/tools/xtensa-esp-elf/esp-14.2.0_20241119/xtensa-esp-elf/bin/../lib/gcc/xtensa-esp-elf/14.2.0/../../../../xtensa-esp-elf/lib/esp32/libc.a(libc_a-fcntlr.o): note: the message above does not take linker garbage collection into account
          /home/mcaro/workbench/esp32-blink-idf/.embuild/espressif/esp-idf/v5.4.1/tools/tools/xtensa-esp-elf/esp-14.2.0_20241119/xtensa-esp-elf/bin/../lib/gcc/xtensa-esp-elf/14.2.0/../../../../xtensa-esp-elf/bin/ld: /home/mcaro/workbench/esp32-blink-idf/target/xtensa-esp32-espidf/debug/deps/libstd-00b3517a169fd877.rlib(std-00b3517a169fd877.std.4d828383b5001d24-cgu.07.rcgu.o): note: the message above does not take linker garbage collection into account
          /home/mcaro/workbench/esp32-blink-idf/.embuild/espressif/esp-idf/v5.4.1/tools/tools/xtensa-esp-elf/esp-14.2.0_20241119/xtensa-esp-elf/bin/../lib/gcc/xtensa-esp-elf/14.2.0/../../../../xtensa-esp-elf/bin/ld: /home/mcaro/workbench/esp32-blink-idf/target/xtensa-esp32-espidf/debug/deps/libstd-00b3517a169fd877.rlib(std-00b3517a169fd877.std.4d828383b5001d24-cgu.06.rcgu.o): note: the message above does not take linker garbage collection into account
          /home/mcaro/workbench/esp32-blink-idf/.embuild/espressif/esp-idf/v5.4.1/tools/tools/xtensa-esp-elf/esp-14.2.0_20241119/xtensa-esp-elf/bin/../lib/gcc/xtensa-esp-elf/14.2.0/../../../../xtensa-esp-elf/bin/ld: /home/mcaro/workbench/esp32-blink-idf/target/xtensa-esp32-espidf/debug/deps/libstd-00b3517a169fd877.rlib(std-00b3517a169fd877.std.4d828383b5001d24-cgu.06.rcgu.o): note: the message above does not take linker garbage collection into account
          /home/mcaro/workbench/esp32-blink-idf/.embuild/espressif/esp-idf/v5.4.1/tools/tools/xtensa-esp-elf/esp-14.2.0_20241119/xtensa-esp-elf/bin/../lib/gcc/xtensa-esp-elf/14.2.0/../../../../xtensa-esp-elf/bin/ld: /home/mcaro/workbench/esp32-blink-idf/target/xtensa-esp32-espidf/debug/deps/libstd-00b3517a169fd877.rlib(std-00b3517a169fd877.std.4d828383b5001d24-cgu.06.rcgu.o): note: the message above does not take linker garbage collection into account
          /home/mcaro/workbench/esp32-blink-idf/.embuild/espressif/esp-idf/v5.4.1/tools/tools/xtensa-esp-elf/esp-14.2.0_20241119/xtensa-esp-elf/bin/../lib/gcc/xtensa-esp-elf/14.2.0/../../../../xtensa-esp-elf/bin/ld: /home/mcaro/workbench/esp32-blink-idf/.embuild/espressif/esp-idf/v5.4.1/tools/tools/xtensa-esp-elf/esp-14.2.0_20241119/xtensa-esp-elf/bin/../lib/gcc/xtensa-esp-elf/14.2.0/../../../../xtensa-esp-elf/lib/esp32/libc.a(libc_a-renamer.o): note: the message above does not take linker garbage collection into account
          /home/mcaro/workbench/esp32-blink-idf/.embuild/espressif/esp-idf/v5.4.1/tools/tools/xtensa-esp-elf/esp-14.2.0_20241119/xtensa-esp-elf/bin/../lib/gcc/xtensa-esp-elf/14.2.0/../../../../xtensa-esp-elf/bin/ld: /home/mcaro/workbench/esp32-blink-idf/target/xtensa-esp32-espidf/debug/deps/libstd-00b3517a169fd877.rlib(std-00b3517a169fd877.std.4d828383b5001d24-cgu.06.rcgu.o): note: the message above does not take linker garbage collection into account
          /home/mcaro/workbench/esp32-blink-idf/.embuild/espressif/esp-idf/v5.4.1/tools/tools/xtensa-esp-elf/esp-14.2.0_20241119/xtensa-esp-elf/bin/../lib/gcc/xtensa-esp-elf/14.2.0/../../../../xtensa-esp-elf/bin/ld: /home/mcaro/workbench/esp32-blink-idf/target/xtensa-esp32-espidf/debug/deps/libstd-00b3517a169fd877.rlib(std-00b3517a169fd877.std.4d828383b5001d24-cgu.06.rcgu.o): note: the message above does not take linker garbage collection into account
          /home/mcaro/workbench/esp32-blink-idf/.embuild/espressif/esp-idf/v5.4.1/tools/tools/xtensa-esp-elf/esp-14.2.0_20241119/xtensa-esp-elf/bin/../lib/gcc/xtensa-esp-elf/14.2.0/../../../../xtensa-esp-elf/bin/ld: /home/mcaro/workbench/esp32-blink-idf/target/xtensa-esp32-espidf/debug/deps/libstd-00b3517a169fd877.rlib(std-00b3517a169fd877.std.4d828383b5001d24-cgu.06.rcgu.o): note: the message above does not take linker garbage collection into account
          /home/mcaro/workbench/esp32-blink-idf/.embuild/espressif/esp-idf/v5.4.1/tools/tools/xtensa-esp-elf/esp-14.2.0_20241119/xtensa-esp-elf/bin/../lib/gcc/xtensa-esp-elf/14.2.0/../../../../xtensa-esp-elf/bin/ld: /home/mcaro/workbench/esp32-blink-idf/target/xtensa-esp32-espidf/debug/deps/libesp_idf_svc-4619b2ccd104d7b2.rlib(esp_idf_svc-4619b2ccd104d7b2.esp_idf_svc.c1008e888ef64e2-cgu.14.rcgu.o): note: the message above does not take linker garbage collection into account
          /home/mcaro/workbench/esp32-blink-idf/.embuild/espressif/esp-idf/v5.4.1/tools/tools/xtensa-esp-elf/esp-14.2.0_20241119/xtensa-esp-elf/bin/../lib/gcc/xtensa-esp-elf/14.2.0/../../../../xtensa-esp-elf/bin/ld: /home/mcaro/workbench/esp32-blink-idf/target/xtensa-esp32-espidf/debug/deps/libesp_idf_svc-4619b2ccd104d7b2.rlib(esp_idf_svc-4619b2ccd104d7b2.esp_idf_svc.c1008e888ef64e2-cgu.14.rcgu.o): note: the message above does not take linker garbage collection into account
          /home/mcaro/workbench/esp32-blink-idf/.embuild/espressif/esp-idf/v5.4.1/tools/tools/xtensa-esp-elf/esp-14.2.0_20241119/xtensa-esp-elf/bin/../lib/gcc/xtensa-esp-elf/14.2.0/../../../../xtensa-esp-elf/bin/ld: /home/mcaro/workbench/esp32-blink-idf/target/xtensa-esp32-espidf/debug/deps/libesp_idf_svc-4619b2ccd104d7b2.rlib(esp_idf_svc-4619b2ccd104d7b2.esp_idf_svc.c1008e888ef64e2-cgu.14.rcgu.o): note: the message above does not take linker garbage collection into account
          /home/mcaro/workbench/esp32-blink-idf/.embuild/espressif/esp-idf/v5.4.1/tools/tools/xtensa-esp-elf/esp-14.2.0_20241119/xtensa-esp-elf/bin/../lib/gcc/xtensa-esp-elf/14.2.0/../../../../xtensa-esp-elf/bin/ld: /home/mcaro/workbench/esp32-blink-idf/target/xtensa-esp32-espidf/debug/deps/libstd-00b3517a169fd877.rlib(std-00b3517a169fd877.std.4d828383b5001d24-cgu.03.rcgu.o): note: the message above does not take linker garbage collection into account
          /home/mcaro/workbench/esp32-blink-idf/.embuild/espressif/esp-idf/v5.4.1/tools/tools/xtensa-esp-elf/esp-14.2.0_20241119/xtensa-esp-elf/bin/../lib/gcc/xtensa-esp-elf/14.2.0/../../../../xtensa-esp-elf/bin/ld: /home/mcaro/workbench/esp32-blink-idf/target/xtensa-esp32-espidf/debug/deps/libesp_idf_svc-4619b2ccd104d7b2.rlib(esp_idf_svc-4619b2ccd104d7b2.esp_idf_svc.c1008e888ef64e2-cgu.14.rcgu.o): note: the message above does not take linker garbage collection into account
          /home/mcaro/workbench/esp32-blink-idf/.embuild/espressif/esp-idf/v5.4.1/tools/tools/xtensa-esp-elf/esp-14.2.0_20241119/xtensa-esp-elf/bin/../lib/gcc/xtensa-esp-elf/14.2.0/../../../../xtensa-esp-elf/bin/ld: /home/mcaro/workbench/esp32-blink-idf/target/xtensa-esp32-espidf/debug/deps/libesp_idf_svc-4619b2ccd104d7b2.rlib(esp_idf_svc-4619b2ccd104d7b2.esp_idf_svc.c1008e888ef64e2-cgu.14.rcgu.o): note: the message above does not take linker garbage collection into account
          /home/mcaro/workbench/esp32-blink-idf/.embuild/espressif/esp-idf/v5.4.1/tools/tools/xtensa-esp-elf/esp-14.2.0_20241119/xtensa-esp-elf/bin/../lib/gcc/xtensa-esp-elf/14.2.0/../../../../xtensa-esp-elf/bin/ld: /home/mcaro/workbench/esp32-blink-idf/target/xtensa-esp32-espidf/debug/deps/libstd-00b3517a169fd877.rlib(std-00b3517a169fd877.std.4d828383b5001d24-cgu.06.rcgu.o): note: the message above does not take linker garbage collection into account
          /home/mcaro/workbench/esp32-blink-idf/.embuild/espressif/esp-idf/v5.4.1/tools/tools/xtensa-esp-elf/esp-14.2.0_20241119/xtensa-esp-elf/bin/../lib/gcc/xtensa-esp-elf/14.2.0/../../../../xtensa-esp-elf/bin/ld: /home/mcaro/workbench/esp32-blink-idf/target/xtensa-esp32-espidf/debug/deps/libstd-00b3517a169fd877.rlib(std-00b3517a169fd877.std.4d828383b5001d24-cgu.06.rcgu.o): note: the message above does not take linker garbage collection into account
          /home/mcaro/workbench/esp32-blink-idf/.embuild/espressif/esp-idf/v5.4.1/tools/tools/xtensa-esp-elf/esp-14.2.0_20241119/xtensa-esp-elf/bin/../lib/gcc/xtensa-esp-elf/14.2.0/../../../../xtensa-esp-elf/bin/ld: /home/mcaro/workbench/esp32-blink-idf/target/xtensa-esp32-espidf/debug/deps/libstd-00b3517a169fd877.rlib(std-00b3517a169fd877.std.4d828383b5001d24-cgu.09.rcgu.o): note: the message above does not take linker garbage collection into account
          /home/mcaro/workbench/esp32-blink-idf/.embuild/espressif/esp-idf/v5.4.1/tools/tools/xtensa-esp-elf/esp-14.2.0_20241119/xtensa-esp-elf/bin/../lib/gcc/xtensa-esp-elf/14.2.0/../../../../xtensa-esp-elf/bin/ld: /home/mcaro/workbench/esp32-blink-idf/target/xtensa-esp32-espidf/debug/deps/libstd-00b3517a169fd877.rlib(std-00b3517a169fd877.std.4d828383b5001d24-cgu.06.rcgu.o): note: the message above does not take linker garbage collection into account
          /home/mcaro/workbench/esp32-blink-idf/.embuild/espressif/esp-idf/v5.4.1/tools/tools/xtensa-esp-elf/esp-14.2.0_20241119/xtensa-esp-elf/bin/../lib/gcc/xtensa-esp-elf/14.2.0/../../../../xtensa-esp-elf/bin/ld: /home/mcaro/workbench/esp32-blink-idf/target/xtensa-esp32-espidf/debug/deps/libstd-00b3517a169fd877.rlib(std-00b3517a169fd877.std.4d828383b5001d24-cgu.13.rcgu.o): note: the message above does not take linker garbage collection into account
          /home/mcaro/workbench/esp32-blink-idf/.embuild/espressif/esp-idf/v5.4.1/tools/tools/xtensa-esp-elf/esp-14.2.0_20241119/xtensa-esp-elf/bin/../lib/gcc/xtensa-esp-elf/14.2.0/../../../../xtensa-esp-elf/bin/ld: /home/mcaro/workbench/esp32-blink-idf/target/xtensa-esp32-espidf/debug/deps/libstd-00b3517a169fd877.rlib(std-00b3517a169fd877.std.4d828383b5001d24-cgu.13.rcgu.o): note: the message above does not take linker garbage collection into account
          /home/mcaro/workbench/esp32-blink-idf/.embuild/espressif/esp-idf/v5.4.1/tools/tools/xtensa-esp-elf/esp-14.2.0_20241119/xtensa-esp-elf/bin/../lib/gcc/xtensa-esp-elf/14.2.0/../../../../xtensa-esp-elf/bin/ld: /home/mcaro/workbench/esp32-blink-idf/target/xtensa-esp32-espidf/debug/deps/libesp_idf_svc-4619b2ccd104d7b2.rlib(esp_idf_svc-4619b2ccd104d7b2.esp_idf_svc.c1008e888ef64e2-cgu.14.rcgu.o): note: the message above does not take linker garbage collection into account
          /home/mcaro/workbench/esp32-blink-idf/.embuild/espressif/esp-idf/v5.4.1/tools/tools/xtensa-esp-elf/esp-14.2.0_20241119/xtensa-esp-elf/bin/../lib/gcc/xtensa-esp-elf/14.2.0/../../../../xtensa-esp-elf/bin/ld: /home/mcaro/workbench/esp32-blink-idf/target/xtensa-esp32-espidf/debug/deps/libstd-00b3517a169fd877.rlib(std-00b3517a169fd877.std.4d828383b5001d24-cgu.06.rcgu.o): note: the message above does not take linker garbage collection into account
          /home/mcaro/workbench/esp32-blink-idf/.embuild/espressif/esp-idf/v5.4.1/tools/tools/xtensa-esp-elf/esp-14.2.0_20241119/xtensa-esp-elf/bin/../lib/gcc/xtensa-esp-elf/14.2.0/../../../../xtensa-esp-elf/bin/ld: /home/mcaro/workbench/esp32-blink-idf/target/xtensa-esp32-espidf/debug/deps/libesp_idf_svc-4619b2ccd104d7b2.rlib(esp_idf_svc-4619b2ccd104d7b2.esp_idf_svc.c1008e888ef64e2-cgu.09.rcgu.o): note: the message above does not take linker garbage collection into account
          /home/mcaro/workbench/esp32-blink-idf/.embuild/espressif/esp-idf/v5.4.1/tools/tools/xtensa-esp-elf/esp-14.2.0_20241119/xtensa-esp-elf/bin/../lib/gcc/xtensa-esp-elf/14.2.0/../../../../xtensa-esp-elf/bin/ld: /home/mcaro/workbench/esp32-blink-idf/target/xtensa-esp32-espidf/debug/deps/libstd-00b3517a169fd877.rlib(std-00b3517a169fd877.std.4d828383b5001d24-cgu.06.rcgu.o): note: the message above does not take linker garbage collection into account
          /home/mcaro/workbench/esp32-blink-idf/.embuild/espressif/esp-idf/v5.4.1/tools/tools/xtensa-esp-elf/esp-14.2.0_20241119/xtensa-esp-elf/bin/../lib/gcc/xtensa-esp-elf/14.2.0/../../../../xtensa-esp-elf/bin/ld: /home/mcaro/workbench/esp32-blink-idf/target/xtensa-esp32-espidf/debug/deps/libesp_idf_svc-4619b2ccd104d7b2.rlib(esp_idf_svc-4619b2ccd104d7b2.esp_idf_svc.c1008e888ef64e2-cgu.09.rcgu.o): note: the message above does not take linker garbage collection into account
          /home/mcaro/workbench/esp32-blink-idf/.embuild/espressif/esp-idf/v5.4.1/tools/tools/xtensa-esp-elf/esp-14.2.0_20241119/xtensa-esp-elf/bin/../lib/gcc/xtensa-esp-elf/14.2.0/../../../../xtensa-esp-elf/bin/ld: /home/mcaro/workbench/esp32-blink-idf/target/xtensa-esp32-espidf/debug/deps/libstd-00b3517a169fd877.rlib(std-00b3517a169fd877.std.4d828383b5001d24-cgu.06.rcgu.o): note: the message above does not take linker garbage collection into account
          /home/mcaro/workbench/esp32-blink-idf/.embuild/espressif/esp-idf/v5.4.1/tools/tools/xtensa-esp-elf/esp-14.2.0_20241119/xtensa-esp-elf/bin/../lib/gcc/xtensa-esp-elf/14.2.0/../../../../xtensa-esp-elf/bin/ld: /home/mcaro/workbench/esp32-blink-idf/target/xtensa-esp32-espidf/debug/deps/libstd-00b3517a169fd877.rlib(std-00b3517a169fd877.std.4d828383b5001d24-cgu.06.rcgu.o): note: the message above does not take linker garbage collection into account
          /home/mcaro/workbench/esp32-blink-idf/.embuild/espressif/esp-idf/v5.4.1/tools/tools/xtensa-esp-elf/esp-14.2.0_20241119/xtensa-esp-elf/bin/../lib/gcc/xtensa-esp-elf/14.2.0/../../../../xtensa-esp-elf/bin/ld: /home/mcaro/workbench/esp32-blink-idf/target/xtensa-esp32-espidf/debug/deps/libstd-00b3517a169fd877.rlib(std-00b3517a169fd877.std.4d828383b5001d24-cgu.06.rcgu.o): note: the message above does not take linker garbage collection into account
          /home/mcaro/workbench/esp32-blink-idf/.embuild/espressif/esp-idf/v5.4.1/tools/tools/xtensa-esp-elf/esp-14.2.0_20241119/xtensa-esp-elf/bin/../lib/gcc/xtensa-esp-elf/14.2.0/../../../../xtensa-esp-elf/bin/ld: /home/mcaro/workbench/esp32-blink-idf/.embuild/espressif/esp-idf/v5.4.1/tools/tools/xtensa-esp-elf/esp-14.2.0_20241119/xtensa-esp-elf/bin/../lib/gcc/xtensa-esp-elf/14.2.0/../../../../xtensa-esp-elf/lib/esp32/libstdc++.a(locale.o): note: the message above does not take linker garbage collection into account
          /home/mcaro/workbench/esp32-blink-idf/.embuild/espressif/esp-idf/v5.4.1/tools/tools/xtensa-esp-elf/esp-14.2.0_20241119/xtensa-esp-elf/bin/../lib/gcc/xtensa-esp-elf/14.2.0/../../../../xtensa-esp-elf/bin/ld: /home/mcaro/workbench/esp32-blink-idf/target/xtensa-esp32-espidf/debug/deps/libstd-00b3517a169fd877.rlib(std-00b3517a169fd877.std.4d828383b5001d24-cgu.09.rcgu.o): note: the message above does not take linker garbage collection into account
          

warning: `esp32-blink-idf` (bin "esp32-blink-idf") generated 1 warning
warning: esp32-blink-idf@0.1.0: Using ESP-IDF from: /home/mcaro/workbench/esp32-blink-idf/.embuild/espressif/esp-idf/v5.4.1
warning: esp32-blink-idf@0.1.0: Setting up linking for ESP32 project
warning: esp32-blink-idf@0.1.0: Using ESP-IDF from: /home/mcaro/workbench/esp32-blink-idf/.embuild/espressif/esp-idf/v5.4.1
warning: esp32-blink-idf@0.1.0: Setting up linking for ESP32 project
warning: esp32-blink-idf@0.1.0: Checking for ldgen_libraries file: /home/mcaro/workbench/esp32-blink-idf/build/ldgen_libraries
warning: esp32-blink-idf@0.1.0: Found ldgen_libraries file
warning: esp32-blink-idf@0.1.0: Processing ldgen_libraries for ESP-IDF libraries
warning: esp32-blink-idf@0.1.0: Adding ESP-IDF library search path: /home/mcaro/workbench/esp32-blink-idf/build/esp-idf/xtensa
warning: esp32-blink-idf@0.1.0: Adding ESP-IDF library search path: /home/mcaro/workbench/esp32-blink-idf/build/esp-idf/esp_timer
warning: esp32-blink-idf@0.1.0: Adding ESP-IDF library search path: /home/mcaro/workbench/esp32-blink-idf/build/esp-idf/esp_mm
warning: esp32-blink-idf@0.1.0: Adding ESP-IDF library search path: /home/mcaro/workbench/esp32-blink-idf/build/esp-idf/esp_driver_gpio
warning: esp32-blink-idf@0.1.0: Adding ESP-IDF library search path: /home/mcaro/workbench/esp32-blink-idf/build/esp-idf/esp_pm
warning: esp32-blink-idf@0.1.0: Adding ESP-IDF library search path: /home/mcaro/workbench/esp32-blink-idf/build/esp-idf/mbedtls
warning: esp32-blink-idf@0.1.0: Adding ESP-IDF library search path: /home/mcaro/workbench/esp32-blink-idf/build/esp-idf/esp_app_format
warning: esp32-blink-idf@0.1.0: Adding ESP-IDF library search path: /home/mcaro/workbench/esp32-blink-idf/build/esp-idf/esp_bootloader_format
warning: esp32-blink-idf@0.1.0: Adding ESP-IDF library search path: /home/mcaro/workbench/esp32-blink-idf/build/esp-idf/app_update
warning: esp32-blink-idf@0.1.0: Adding ESP-IDF library search path: /home/mcaro/workbench/esp32-blink-idf/build/esp-idf/esp_partition
warning: esp32-blink-idf@0.1.0: Adding ESP-IDF library search path: /home/mcaro/workbench/esp32-blink-idf/build/esp-idf/efuse
warning: esp32-blink-idf@0.1.0: Adding ESP-IDF library search path: /home/mcaro/workbench/esp32-blink-idf/build/esp-idf/bootloader_support
warning: esp32-blink-idf@0.1.0: Adding ESP-IDF library search path: /home/mcaro/workbench/esp32-blink-idf/build/esp-idf/esp_system
warning: esp32-blink-idf@0.1.0: Adding ESP-IDF library search path: /home/mcaro/workbench/esp32-blink-idf/build/esp-idf/esp_common
warning: esp32-blink-idf@0.1.0: Adding ESP-IDF library search path: /home/mcaro/workbench/esp32-blink-idf/build/esp-idf/esp_rom
warning: esp32-blink-idf@0.1.0: Adding ESP-IDF library search path: /home/mcaro/workbench/esp32-blink-idf/build/esp-idf/log
warning: esp32-blink-idf@0.1.0: Adding ESP-IDF library search path: /home/mcaro/workbench/esp32-blink-idf/build/esp-idf/heap
warning: esp32-blink-idf@0.1.0: Adding ESP-IDF library search path: /home/mcaro/workbench/esp32-blink-idf/build/esp-idf/esp_security
warning: esp32-blink-idf@0.1.0: Adding ESP-IDF library search path: /home/mcaro/workbench/esp32-blink-idf/build/esp-idf/esp_hw_support
warning: esp32-blink-idf@0.1.0: Adding ESP-IDF library search path: /home/mcaro/workbench/esp32-blink-idf/build/esp-idf/freertos
warning: esp32-blink-idf@0.1.0: Adding ESP-IDF library search path: /home/mcaro/workbench/esp32-blink-idf/build/esp-idf/newlib
warning: esp32-blink-idf@0.1.0: Adding ESP-IDF library search path: /home/mcaro/workbench/esp32-blink-idf/build/esp-idf/pthread
warning: esp32-blink-idf@0.1.0: Adding ESP-IDF library search path: /home/mcaro/workbench/esp32-blink-idf/build/esp-idf/cxx
warning: esp32-blink-idf@0.1.0: Adding ESP-IDF library search path: /home/mcaro/workbench/esp32-blink-idf/build/esp-idf/soc
warning: esp32-blink-idf@0.1.0: Adding ESP-IDF library search path: /home/mcaro/workbench/esp32-blink-idf/build/esp-idf/hal
warning: esp32-blink-idf@0.1.0: Adding ESP-IDF library search path: /home/mcaro/workbench/esp32-blink-idf/build/esp-idf/spi_flash
warning: esp32-blink-idf@0.1.0: Adding ESP-IDF library search path: /home/mcaro/workbench/esp32-blink-idf/build/esp-idf/esp_event
warning: esp32-blink-idf@0.1.0: Adding ESP-IDF library search path: /home/mcaro/workbench/esp32-blink-idf/build/esp-idf/nvs_flash
warning: esp32-blink-idf@0.1.0: Adding ESP-IDF library search path: /home/mcaro/workbench/esp32-blink-idf/build/esp-idf/esp_ringbuf
warning: esp32-blink-idf@0.1.0: Adding ESP-IDF library search path: /home/mcaro/workbench/esp32-blink-idf/build/esp-idf/esp_driver_pcnt
warning: esp32-blink-idf@0.1.0: Adding ESP-IDF library search path: /home/mcaro/workbench/esp32-blink-idf/build/esp-idf/esp_driver_gptimer
warning: esp32-blink-idf@0.1.0: Adding ESP-IDF library search path: /home/mcaro/workbench/esp32-blink-idf/build/esp-idf/esp_driver_spi
warning: esp32-blink-idf@0.1.0: Adding ESP-IDF library search path: /home/mcaro/workbench/esp32-blink-idf/build/esp-idf/esp_driver_mcpwm
warning: esp32-blink-idf@0.1.0: Adding ESP-IDF library search path: /home/mcaro/workbench/esp32-blink-idf/build/esp-idf/esp_driver_i2s
warning: esp32-blink-idf@0.1.0: Adding ESP-IDF library search path: /home/mcaro/workbench/esp32-blink-idf/build/esp-idf/sdmmc
warning: esp32-blink-idf@0.1.0: Adding ESP-IDF library search path: /home/mcaro/workbench/esp32-blink-idf/build/esp-idf/esp_driver_sdmmc
warning: esp32-blink-idf@0.1.0: Adding ESP-IDF library search path: /home/mcaro/workbench/esp32-blink-idf/build/esp-idf/esp_driver_sdspi
warning: esp32-blink-idf@0.1.0: Adding ESP-IDF library search path: /home/mcaro/workbench/esp32-blink-idf/build/esp-idf/esp_driver_sdio
warning: esp32-blink-idf@0.1.0: Adding ESP-IDF library search path: /home/mcaro/workbench/esp32-blink-idf/build/esp-idf/esp_driver_dac
warning: esp32-blink-idf@0.1.0: Adding ESP-IDF library search path: /home/mcaro/workbench/esp32-blink-idf/build/esp-idf/esp_driver_rmt
warning: esp32-blink-idf@0.1.0: Adding ESP-IDF library search path: /home/mcaro/workbench/esp32-blink-idf/build/esp-idf/esp_driver_sdm
warning: esp32-blink-idf@0.1.0: Adding ESP-IDF library search path: /home/mcaro/workbench/esp32-blink-idf/build/esp-idf/esp_driver_i2c
warning: esp32-blink-idf@0.1.0: Adding ESP-IDF library search path: /home/mcaro/workbench/esp32-blink-idf/build/esp-idf/esp_driver_uart
warning: esp32-blink-idf@0.1.0: Adding ESP-IDF library search path: /home/mcaro/workbench/esp32-blink-idf/build/esp-idf/esp_driver_ledc
warning: esp32-blink-idf@0.1.0: Adding ESP-IDF library search path: /home/mcaro/workbench/esp32-blink-idf/build/esp-idf/driver
warning: esp32-blink-idf@0.1.0: Adding ESP-IDF library search path: /home/mcaro/workbench/esp32-blink-idf/build/esp-idf/esp_phy
warning: esp32-blink-idf@0.1.0: Adding ESP-IDF library search path: /home/mcaro/workbench/esp32-blink-idf/build/esp-idf/esp_vfs_console
warning: esp32-blink-idf@0.1.0: Adding ESP-IDF library search path: /home/mcaro/workbench/esp32-blink-idf/build/esp-idf/vfs
warning: esp32-blink-idf@0.1.0: Adding ESP-IDF library search path: /home/mcaro/workbench/esp32-blink-idf/build/esp-idf/lwip
warning: esp32-blink-idf@0.1.0: Adding ESP-IDF library search path: /home/mcaro/workbench/esp32-blink-idf/build/esp-idf/esp_netif
warning: esp32-blink-idf@0.1.0: Adding ESP-IDF library search path: /home/mcaro/workbench/esp32-blink-idf/build/esp-idf/esp_coex
warning: esp32-blink-idf@0.1.0: Adding ESP-IDF library search path: /home/mcaro/workbench/esp32-blink-idf/build/esp-idf/esp_wifi
warning: esp32-blink-idf@0.1.0: Adding ESP-IDF library search path: /home/mcaro/workbench/esp32-blink-idf/build/esp-idf/wpa_supplicant
warning: esp32-blink-idf@0.1.0: Adding ESP-IDF library search path: /home/mcaro/workbench/esp32-blink-idf/build/esp-idf/esp_adc
warning: esp32-blink-idf@0.1.0: Adding ESP-IDF library search path: /home/mcaro/workbench/esp32-blink-idf/build/esp-idf/esp_eth
warning: esp32-blink-idf@0.1.0: Adding ESP-IDF library search path: /home/mcaro/workbench/esp32-blink-idf/build/esp-idf/http_parser
warning: esp32-blink-idf@0.1.0: Adding ESP-IDF library search path: /home/mcaro/workbench/esp32-blink-idf/build/esp-idf/chmorgan__esp-libhelix-mp3
warning: esp32-blink-idf@0.1.0: Adding ESP-IDF library search path: /home/mcaro/workbench/esp32-blink-idf/build/esp-idf/espressif__esp-modbus
warning: esp32-blink-idf@0.1.0: Adding ESP-IDF library search path: /home/mcaro/workbench/esp32-blink-idf/build/esp-idf/console
warning: esp32-blink-idf@0.1.0: Adding ESP-IDF library search path: /home/mcaro/workbench/esp32-blink-idf/build/esp-idf/espressif__libsodium
warning: esp32-blink-idf@0.1.0: Adding ESP-IDF library search path: /home/mcaro/workbench/esp32-blink-idf/build/esp-idf/espressif__mdns
warning: esp32-blink-idf@0.1.0: Adding ESP-IDF library search path: /home/mcaro/workbench/esp32-blink-idf/build/esp-idf/wear_levelling
warning: esp32-blink-idf@0.1.0: Adding ESP-IDF library search path: /home/mcaro/workbench/esp32-blink-idf/build/esp-idf/fatfs
warning: esp32-blink-idf@0.1.0: Adding ESP-IDF library search path: /home/mcaro/workbench/esp32-blink-idf/build/esp-idf/spiffs
warning: esp32-blink-idf@0.1.0: Adding ESP-IDF library search path: /home/mcaro/workbench/esp32-blink-idf/build/esp-idf/esp_hid
warning: esp32-blink-idf@0.1.0: Adding ESP-IDF library search path: /home/mcaro/workbench/esp32-blink-idf/build/esp-idf/espressif__cbor
warning: esp32-blink-idf@0.1.0: Adding ESP-IDF library search path: /home/mcaro/workbench/esp32-blink-idf/build/esp-idf/espressif__esp-dsp
warning: esp32-blink-idf@0.1.0: Adding ESP-IDF library search path: /home/mcaro/workbench/esp32-blink-idf/build/esp-idf/espressif__esp_diag_data_store
warning: esp32-blink-idf@0.1.0: Adding ESP-IDF library search path: /home/mcaro/workbench/esp32-blink-idf/build/esp-idf/esp-tls
warning: esp32-blink-idf@0.1.0: Adding ESP-IDF library search path: /home/mcaro/workbench/esp32-blink-idf/build/esp-idf/tcp_transport
warning: esp32-blink-idf@0.1.0: Adding ESP-IDF library search path: /home/mcaro/workbench/esp32-blink-idf/build/esp-idf/mqtt
warning: esp32-blink-idf@0.1.0: Adding ESP-IDF library search path: /home/mcaro/workbench/esp32-blink-idf/build/esp-idf/espressif__rmaker_common
warning: esp32-blink-idf@0.1.0: Adding ESP-IDF library search path: /home/mcaro/workbench/esp32-blink-idf/build/esp-idf/espressif__esp_diagnostics
warning: esp32-blink-idf@0.1.0: Adding ESP-IDF library search path: /home/mcaro/workbench/esp32-blink-idf/build/esp-idf/espcoredump
warning: esp32-blink-idf@0.1.0: Adding ESP-IDF library search path: /home/mcaro/workbench/esp32-blink-idf/build/esp-idf/espressif__esp_insights
warning: esp32-blink-idf@0.1.0: Adding ESP-IDF library search path: /home/mcaro/workbench/esp32-blink-idf/build/esp-idf/espressif__esp_modem
warning: esp32-blink-idf@0.1.0: Adding ESP-IDF library search path: /home/mcaro/workbench/esp32-blink-idf/build/esp-idf/protobuf-c
warning: esp32-blink-idf@0.1.0: Adding ESP-IDF library search path: /home/mcaro/workbench/esp32-blink-idf/build/esp-idf/espressif__json_parser
warning: esp32-blink-idf@0.1.0: Adding ESP-IDF library search path: /home/mcaro/workbench/esp32-blink-idf/build/esp-idf/espressif__json_generator
warning: esp32-blink-idf@0.1.0: Adding ESP-IDF library search path: /home/mcaro/workbench/esp32-blink-idf/build/esp-idf/esp_http_client
warning: esp32-blink-idf@0.1.0: Adding ESP-IDF library search path: /home/mcaro/workbench/esp32-blink-idf/build/esp-idf/esp_https_ota
warning: esp32-blink-idf@0.1.0: Adding ESP-IDF library search path: /home/mcaro/workbench/esp32-blink-idf/build/esp-idf/esp_http_server
warning: esp32-blink-idf@0.1.0: Adding ESP-IDF library search path: /home/mcaro/workbench/esp32-blink-idf/build/esp-idf/protocomm
warning: esp32-blink-idf@0.1.0: Adding ESP-IDF library search path: /home/mcaro/workbench/esp32-blink-idf/build/esp-idf/esp_https_server
warning: esp32-blink-idf@0.1.0: Adding ESP-IDF library search path: /home/mcaro/workbench/esp32-blink-idf/build/esp-idf/esp_local_ctrl
warning: esp32-blink-idf@0.1.0: Adding ESP-IDF library search path: /home/mcaro/workbench/esp32-blink-idf/build/esp-idf/espressif__esp_schedule
warning: esp32-blink-idf@0.1.0: Adding ESP-IDF library search path: /home/mcaro/workbench/esp32-blink-idf/build/esp-idf/json
warning: esp32-blink-idf@0.1.0: Adding ESP-IDF library search path: /home/mcaro/workbench/esp32-blink-idf/build/esp-idf/wifi_provisioning
warning: esp32-blink-idf@0.1.0: Adding ESP-IDF library search path: /home/mcaro/workbench/esp32-blink-idf/build/esp-idf/espressif__network_provisioning
warning: esp32-blink-idf@0.1.0: Adding ESP-IDF library search path: /home/mcaro/workbench/esp32-blink-idf/build/esp-idf/espressif__esp-serial-flasher
warning: esp32-blink-idf@0.1.0: Adding ESP-IDF library search path: /home/mcaro/workbench/esp32-blink-idf/build/esp-idf/espressif__esp_rcp_update
warning: esp32-blink-idf@0.1.0: Adding ESP-IDF library search path: /home/mcaro/workbench/esp32-blink-idf/build/esp-idf/espressif__esp_secure_cert_mgr
warning: esp32-blink-idf@0.1.0: Adding ESP-IDF library search path: /home/mcaro/workbench/esp32-blink-idf/build/esp-idf/espressif__esp_rainmaker
warning: esp32-blink-idf@0.1.0: Adding ESP-IDF library search path: /home/mcaro/workbench/esp32-blink-idf/build/esp-idf/espressif__qrcode
warning: esp32-blink-idf@0.1.0: Adding ESP-IDF library search path: /home/mcaro/workbench/esp32-blink-idf/build/esp-idf/joltwallet__littlefs
warning: esp32-blink-idf@0.1.0: Adding ESP-IDF library search path: /home/mcaro/workbench/esp32-blink-idf/build/esp-idf/espressif__arduino-esp32
warning: esp32-blink-idf@0.1.0: Adding ESP-IDF library search path: /home/mcaro/workbench/esp32-blink-idf/build/esp-idf/esp32servoserver
warning: esp32-blink-idf@0.1.0: Adding ESP-IDF library search path: /home/mcaro/workbench/esp32-blink-idf/build/esp-idf/lx16a-servo
warning: esp32-blink-idf@0.1.0: Adding ESP-IDF library search path: /home/mcaro/workbench/esp32-blink-idf/build/esp-idf/main
warning: esp32-blink-idf@0.1.0: Adding ESP-IDF library search path: /home/mcaro/workbench/esp32-blink-idf/build/esp-idf/app_trace
warning: esp32-blink-idf@0.1.0: Adding ESP-IDF library search path: /home/mcaro/workbench/esp32-blink-idf/build/esp-idf/unity
warning: esp32-blink-idf@0.1.0: Adding ESP-IDF library search path: /home/mcaro/workbench/esp32-blink-idf/build/esp-idf/cmock
warning: esp32-blink-idf@0.1.0: Adding ESP-IDF library search path: /home/mcaro/workbench/esp32-blink-idf/build/esp-idf/esp_driver_cam
warning: esp32-blink-idf@0.1.0: Adding ESP-IDF library search path: /home/mcaro/workbench/esp32-blink-idf/build/esp-idf/esp_gdbstub
warning: esp32-blink-idf@0.1.0: Adding ESP-IDF library search path: /home/mcaro/workbench/esp32-blink-idf/build/esp-idf/esp_lcd
warning: esp32-blink-idf@0.1.0: Adding ESP-IDF library search path: /home/mcaro/workbench/esp32-blink-idf/build/esp-idf/nvs_sec_provider
warning: esp32-blink-idf@0.1.0: Adding ESP-IDF library search path: /home/mcaro/workbench/esp32-blink-idf/build/esp-idf/perfmon
warning: esp32-blink-idf@0.1.0: Adding ESP-IDF library search path: /home/mcaro/workbench/esp32-blink-idf/build/esp-idf/rt
warning: esp32-blink-idf@0.1.0: Adding custom components
warning: esp32-blink-idf@0.1.0: Found main component: /home/mcaro/workbench/esp32-blink-idf/build/esp-idf/main
warning: esp32-blink-idf@0.1.0: Found lx16a-servo component: /home/mcaro/workbench/esp32-blink-idf/build/esp-idf/lx16a-servo
warning: esp32-blink-idf@0.1.0: Found esp32servoserver component: /home/mcaro/workbench/esp32-blink-idf/build/esp-idf/esp32servoserver
warning: esp32-blink-idf@0.1.0: Found Arduino ESP32 component: /home/mcaro/workbench/esp32-blink-idf/build/esp-idf/espressif__arduino-esp32
warning: esp32-blink-idf@0.1.0: Adding ESP-IDF specific linker flags
warning: esp32-blink-idf@0.1.0: Handling circular dependencies with whole-archive approach
warning: esp32-blink-idf@0.1.0: Adding standard C/C++ libraries
warning: esp32-blink-idf@0.1.0: Adding ALL ESP-IDF core libraries with whole-archive
warning: esp32-blink-idf@0.1.0: Adding other ESP-IDF dependencies
warning: esp32-blink-idf@0.1.0: Adding memory and system operation libraries
warning: esp32-blink-idf@0.1.0: Adding ESP32 drivers
warning: esp32-blink-idf@0.1.0: Adding our custom components
error: could not compile `esp32-blink-idf` (bin "esp32-blink-idf") due to 1 previous error; 1 warning emitted
